Log file open, 03/19/20 20:43:59
LogWindows: Failed to load 'aqProf.dll' (GetLastError=126)
LogWindows: File 'aqProf.dll' does not exist
LogWindows: Failed to load 'VtuneApi.dll' (GetLastError=126)
LogWindows: File 'VtuneApi.dll' does not exist
LogWindows: Failed to load 'VtuneApi32e.dll' (GetLastError=126)
LogWindows: File 'VtuneApi32e.dll' does not exist
LogConsoleResponse: Display: Failed to find resolution value strings in scalability ini. Falling back to default.
LogInit: Display: Running engine for game: ActionRPG
LogPlatformFile: Not using cached read wrapper
LogTaskGraph: Started task graph with 5 named threads and 14 total threads with 3 sets of task threads.
LogStats: Stats thread started at 0.088176
LogD3D11RHI: Loaded GFSDK_Aftermath_Lib.x64.dll
LogICUInternationalization: ICU TimeZone Detection - Raw Offset: +9:00, Platform Override: ''
LogPluginManager: Mounting plugin Paper2D
LogPluginManager: Mounting plugin AISupport
LogPluginManager: Mounting plugin LightPropagationVolume
LogPluginManager: Mounting plugin ActorLayerUtilities
LogPluginManager: Mounting plugin AnimationSharing
LogPluginManager: Mounting plugin CLionSourceCodeAccess
LogPluginManager: Mounting plugin CodeLiteSourceCodeAccess
LogPluginManager: Mounting plugin GitSourceControl
LogPluginManager: Mounting plugin KDevelopSourceCodeAccess
LogPluginManager: Mounting plugin NullSourceCodeAccess
LogPluginManager: Mounting plugin PerforceSourceControl
LogPluginManager: Mounting plugin SubversionSourceControl
LogPluginManager: Mounting plugin UObjectPlugin
LogPluginManager: Mounting plugin VisualStudioCodeSourceCodeAccess
LogPluginManager: Mounting plugin VisualStudioSourceCodeAccess
LogPluginManager: Mounting plugin XCodeSourceCodeAccess
LogPluginManager: Mounting plugin AssetManagerEditor
LogPluginManager: Mounting plugin CryptoKeys
LogPluginManager: Mounting plugin CurveEditorTools
LogPluginManager: Mounting plugin DataValidation
LogPluginManager: Mounting plugin FacialAnimation
LogPluginManager: Mounting plugin GameplayTagsEditor
LogPluginManager: Mounting plugin MacGraphicsSwitching
LogPluginManager: Mounting plugin MaterialAnalyzer
LogPluginManager: Mounting plugin MobileLauncherProfileWizard
LogPluginManager: Mounting plugin PluginBrowser
LogPluginManager: Mounting plugin SpeedTreeImporter
LogPluginManager: Mounting plugin DatasmithContent
LogPluginManager: Mounting plugin VariantManagerContent
LogPluginManager: Mounting plugin AlembicImporter
LogPluginManager: Mounting plugin AutomationUtils
LogPluginManager: Mounting plugin BackChannel
LogPluginManager: Mounting plugin CharacterAI
LogPluginManager: Mounting plugin GeometryCache
LogPluginManager: Mounting plugin HTML5Networking
LogPluginManager: Mounting plugin PlatformCrypto
LogPluginManager: Mounting plugin ProxyLODPlugin
LogPluginManager: Mounting plugin SkeletalReduction
LogPluginManager: Mounting plugin MagicLeap
LogPluginManager: Mounting plugin MagicLeapMedia
LogPluginManager: Mounting plugin AndroidMedia
LogPluginManager: Mounting plugin AvfMedia
LogPluginManager: Mounting plugin ImgMedia
LogPluginManager: Mounting plugin MediaCompositing
LogPluginManager: Mounting plugin MediaPlayerEditor
LogPluginManager: Mounting plugin WebMMedia
LogPluginManager: Mounting plugin WmfMedia
LogPluginManager: Mounting plugin TcpMessaging
LogPluginManager: Mounting plugin UdpMessaging
LogPluginManager: Mounting plugin ActorSequence
LogPluginManager: Mounting plugin LevelSequenceEditor
LogPluginManager: Mounting plugin MatineeToLevelSequence
LogPluginManager: Mounting plugin NetcodeUnitTest
LogPluginManager: Mounting plugin NUTUnrealEngine4
LogPluginManager: Mounting plugin OnlineSubsystemGooglePlay
LogPluginManager: Mounting plugin OnlineSubsystemIOS
LogPluginManager: Mounting plugin OnlineSubsystem
LogPluginManager: Mounting plugin OnlineSubsystemNull
LogPluginManager: Mounting plugin OnlineSubsystemUtils
LogPluginManager: Mounting plugin LauncherChunkInstaller
LogPluginManager: Mounting plugin AndroidDeviceProfileSelector
LogPluginManager: Mounting plugin AndroidMoviePlayer
LogPluginManager: Mounting plugin AndroidPermission
LogPluginManager: Mounting plugin AppleImageUtils
LogPluginManager: Mounting plugin AppleMoviePlayer
LogPluginManager: Mounting plugin ArchVisCharacter
LogPluginManager: Mounting plugin AudioCapture
LogPluginManager: Mounting plugin CableComponent
LogPluginManager: Mounting plugin CustomMeshComponent
LogPluginManager: Mounting plugin EditableMesh
LogPluginManager: Mounting plugin ExampleDeviceProfileSelector
LogPluginManager: Mounting plugin GoogleCloudMessaging
LogPluginManager: Mounting plugin IOSDeviceProfileSelector
LogPluginManager: Mounting plugin LinuxDeviceProfileSelector
LogPluginManager: Mounting plugin LocationServicesBPLibrary
LogPluginManager: Mounting plugin MobilePatchingUtils
LogPluginManager: Mounting plugin OculusVR
LogPluginManager: Mounting plugin PhysXVehicles
LogPluginManager: Mounting plugin ProceduralMeshComponent
LogPluginManager: Mounting plugin RuntimePhysXCooking
LogPluginManager: Mounting plugin SignificanceManager
LogPluginManager: Mounting plugin SteamVR
LogPluginManager: Mounting plugin WebMMoviePlayer
LogPluginManager: Mounting plugin WindowsMoviePlayer
LogPluginManager: Mounting plugin ScreenshotTools
LogInit: Using libcurl 7.55.1-DEV
LogInit:  - built for x86_64-pc-win32
LogInit:  - supports SSL with OpenSSL/1.1.1
LogInit:  - supports HTTP deflate (compression) using libz 1.2.8
LogInit:  - other features:
LogInit:      CURL_VERSION_SSL
LogInit:      CURL_VERSION_LIBZ
LogInit:      CURL_VERSION_IPV6
LogInit:      CURL_VERSION_ASYNCHDNS
LogInit:      CURL_VERSION_LARGEFILE
LogInit:      CURL_VERSION_IDN
LogInit:  CurlRequestOptions (configurable via config and command line):
LogInit:  - bVerifyPeer = true  - Libcurl will verify peer certificate
LogInit:  - bUseHttpProxy = false  - Libcurl will NOT use HTTP proxy
LogInit:  - bDontReuseConnections = false  - Libcurl will reuse connections
LogInit:  - MaxHostConnections = 16  - Libcurl will limit the number of connections to a host
LogInit:  - LocalHostAddr = Default
LogInit:  - BufferSize = 65536
LogOnline: OSS: Creating online subsystem instance for: NULL
LogInit: WinSock: version 1.1 (2.2), MaxSocks=32767, MaxUdp=65467
LogInit: Build: ++UE4+Release-4.23-CL-9631420
LogInit: Engine Version: 4.23.1-9631420+++UE4+Release-4.23
LogInit: Compatible Engine Version: 4.23.0-8386587+++UE4+Release-4.23
LogInit: Net CL: 8386587
LogInit: OS: Windows 10 (Release 1903) (), CPU: Intel(R) Core(TM) i5-4690 CPU @ 3.50GHz, GPU: NVIDIA GeForce GTX 1060 6GB
LogInit: Compiled (64-bit): Oct 18 2019 02:07:44
LogInit: Compiled with Visual C++: 19.16.27030.01
LogInit: Build Configuration: Development
LogInit: Branch Name: ++UE4+Release-4.23
LogInit: Command Line: 
LogInit: Base Directory: C:/Program Files/Epic Games/UE_4.23/Engine/Binaries/Win64/
LogInit: Installed Engine Build: 1
LogDevObjectVersion: Number of dev versions registered: 23
LogDevObjectVersion:   Dev-Blueprints (B0D832E4-1F89-4F0D-ACCF-7EB736FD4AA2): 10
LogDevObjectVersion:   Dev-Build (E1C64328-A22C-4D53-A36C-8E866417BD8C): 0
LogDevObjectVersion:   Dev-Core (375EC13C-06E4-48FB-B500-84F0262A717E): 3
LogDevObjectVersion:   Dev-Editor (E4B068ED-F494-42E9-A231-DA0B2E46BB41): 34
LogDevObjectVersion:   Dev-Framework (CFFC743F-43B0-4480-9391-14DF171D2073): 35
LogDevObjectVersion:   Dev-Mobile (B02B49B5-BB20-44E9-A304-32B752E40360): 2
LogDevObjectVersion:   Dev-Networking (A4E4105C-59A1-49B5-A7C5-40C4547EDFEE): 0
LogDevObjectVersion:   Dev-Online (39C831C9-5AE6-47DC-9A44-9C173E1C8E7C): 0
LogDevObjectVersion:   Dev-Physics (78F01B33-EBEA-4F98-B9B4-84EACCB95AA2): 0
LogDevObjectVersion:   Dev-Platform (6631380F-2D4D-43E0-8009-CF276956A95A): 0
LogDevObjectVersion:   Dev-Rendering (12F88B9F-8875-4AFC-A67C-D90C383ABD29): 31
LogDevObjectVersion:   Dev-Sequencer (7B5AE74C-D270-4C10-A958-57980B212A5A): 11
LogDevObjectVersion:   Dev-VR (D7296918-1DD6-4BDD-9DE2-64A83CC13884): 2
LogDevObjectVersion:   Dev-LoadTimes (C2A15278-BFE7-4AFE-6C17-90FF531DF755): 1
LogDevObjectVersion:   Private-Geometry (6EACA3D4-40EC-4CC1-B786-8BED09428FC5): 3
LogDevObjectVersion:   Dev-AnimPhys (29E575DD-E0A3-4627-9D10-D276232CDCEA): 17
LogDevObjectVersion:   Dev-Anim (AF43A65D-7FD3-4947-9873-3E8ED9C1BB05): 2
LogDevObjectVersion:   Dev-ReflectionCapture (6B266CEC-1EC7-4B8F-A30B-E4D90942FC07): 1
LogDevObjectVersion:   Dev-Automation (0DF73D61-A23F-47EA-B727-89E90C41499A): 1
LogDevObjectVersion:   FortniteMain (601D1886-AC64-4F84-AA16-D3DE0DEAC7D6): 27
LogDevObjectVersion:   Dev-Enterprise (9DFFBCD6-494F-0158-E221-12823C92A888): 6
LogDevObjectVersion:   Dev-Niagara (F2AED0AC-9AFE-416F-8664-AA7FFA26D6FC): 1
LogDevObjectVersion:   Dev-Destruction (174F1F0B-B4C6-45A5-B13F-2EE8D0FB917D): 9
LogInit: Presizing for max 16777216 objects, including 0 objects not considered by GC, pre-allocating 0 bytes for permanent pool.
LogInit: Object subsystem initialized
LogConfig: Setting CVar [[con.DebugEarlyDefault:1]]
LogConfig: Setting CVar [[r.setres:1280x720]]
[2020.03.19-11.44.00:322][  0]LogConfig: Setting CVar [[r.VSync:0]]
[2020.03.19-11.44.00:322][  0]LogConfig: Setting CVar [[r.RHICmdBypass:0]]
[2020.03.19-11.44.00:322][  0]LogConfig: Applying CVar settings from Section [/Script/Engine.RendererSettings] File [C:/Users/ajant/Documents/Unreal Projects/SemiProject/ActionRPG/Saved/Config/Windows/Engine.ini]
[2020.03.19-11.44.00:322][  0]LogConfig: Setting CVar [[r.GPUCrashDebugging:0]]
[2020.03.19-11.44.00:322][  0]LogConfig: Applying CVar settings from Section [/Script/Engine.RendererOverrideSettings] File [C:/Users/ajant/Documents/Unreal Projects/SemiProject/ActionRPG/Saved/Config/Windows/Engine.ini]
[2020.03.19-11.44.00:323][  0]LogConfig: Applying CVar settings from Section [/Script/Engine.StreamingSettings] File [C:/Users/ajant/Documents/Unreal Projects/SemiProject/ActionRPG/Saved/Config/Windows/Engine.ini]
[2020.03.19-11.44.00:323][  0]LogConfig: Setting CVar [[s.MinBulkDataSizeForAsyncLoading:131072]]
[2020.03.19-11.44.00:323][  0]LogConfig: Setting CVar [[s.AsyncLoadingThreadEnabled:0]]
[2020.03.19-11.44.00:323][  0]LogConfig: Setting CVar [[s.EventDrivenLoaderEnabled:1]]
[2020.03.19-11.44.00:323][  0]LogConfig: Setting CVar [[s.WarnIfTimeLimitExceeded:0]]
[2020.03.19-11.44.00:323][  0]LogConfig: Setting CVar [[s.TimeLimitExceededMultiplier:1.5]]
[2020.03.19-11.44.00:323][  0]LogConfig: Setting CVar [[s.TimeLimitExceededMinTime:0.005]]
[2020.03.19-11.44.00:323][  0]LogConfig: Setting CVar [[s.UseBackgroundLevelStreaming:1]]
[2020.03.19-11.44.00:323][  0]LogConfig: Setting CVar [[s.PriorityAsyncLoadingExtraTime:15.0]]
[2020.03.19-11.44.00:323][  0]LogConfig: Setting CVar [[s.LevelStreamingActorsUpdateTimeLimit:5.0]]
[2020.03.19-11.44.00:323][  0]LogConfig: Setting CVar [[s.PriorityLevelStreamingActorsUpdateExtraTime:5.0]]
[2020.03.19-11.44.00:323][  0]LogConfig: Setting CVar [[s.LevelStreamingComponentsRegistrationGranularity:10]]
[2020.03.19-11.44.00:323][  0]LogConfig: Setting CVar [[s.UnregisterComponentsTimeLimit:1.0]]
[2020.03.19-11.44.00:323][  0]LogConfig: Setting CVar [[s.LevelStreamingComponentsUnregistrationGranularity:5]]
[2020.03.19-11.44.00:323][  0]LogConfig: Applying CVar settings from Section [/Script/Engine.GarbageCollectionSettings] File [C:/Users/ajant/Documents/Unreal Projects/SemiProject/ActionRPG/Saved/Config/Windows/Engine.ini]
[2020.03.19-11.44.00:323][  0]LogConfig: Setting CVar [[gc.MaxObjectsNotConsideredByGC:1]]
[2020.03.19-11.44.00:323][  0]LogConfig: Setting CVar [[gc.SizeOfPermanentObjectPool:0]]
[2020.03.19-11.44.00:323][  0]LogConfig: Setting CVar [[gc.FlushStreamingOnGC:0]]
[2020.03.19-11.44.00:323][  0]LogConfig: Setting CVar [[gc.NumRetriesBeforeForcingGC:10]]
[2020.03.19-11.44.00:323][  0]LogConfig: Setting CVar [[gc.AllowParallelGC:1]]
[2020.03.19-11.44.00:323][  0]LogConfig: Setting CVar [[gc.TimeBetweenPurgingPendingKillObjects:61.1]]
[2020.03.19-11.44.00:323][  0]LogConfig: Setting CVar [[gc.MaxObjectsInEditor:16777216]]
[2020.03.19-11.44.00:323][  0]LogConfig: Setting CVar [[gc.IncrementalBeginDestroyEnabled:1]]
[2020.03.19-11.44.00:323][  0]LogConfig: Setting CVar [[gc.CreateGCClusters:1]]
[2020.03.19-11.44.00:323][  0]LogConfig: Setting CVar [[gc.MinGCClusterSize:5]]
[2020.03.19-11.44.00:323][  0]LogConfig: Setting CVar [[gc.ActorClusteringEnabled:0]]
[2020.03.19-11.44.00:323][  0]LogConfig: Setting CVar [[gc.BlueprintClusteringEnabled:0]]
[2020.03.19-11.44.00:323][  0]LogConfig: Setting CVar [[gc.UseDisregardForGCOnDedicatedServers:0]]
[2020.03.19-11.44.00:323][  0]LogConfig: Applying CVar settings from Section [/Script/Engine.NetworkSettings] File [C:/Users/ajant/Documents/Unreal Projects/SemiProject/ActionRPG/Saved/Config/Windows/Engine.ini]
[2020.03.19-11.44.00:323][  0]LogConfig: Applying CVar settings from Section [/Script/UnrealEd.CookerSettings] File [C:/Users/ajant/Documents/Unreal Projects/SemiProject/ActionRPG/Saved/Config/Windows/Engine.ini]
[2020.03.19-11.44.00:328][  0]LogConfig: Applying CVar settings from Section [ViewDistanceQuality@3] File [C:/Users/ajant/Documents/Unreal Projects/SemiProject/ActionRPG/Saved/Config/Windows/Scalability.ini]
[2020.03.19-11.44.00:328][  0]LogConfig: Setting CVar [[r.SkeletalMeshLODBias:0]]
[2020.03.19-11.44.00:328][  0]LogConfig: Setting CVar [[r.ViewDistanceScale:1.0]]
[2020.03.19-11.44.00:328][  0]LogConfig: Applying CVar settings from Section [AntiAliasingQuality@3] File [C:/Users/ajant/Documents/Unreal Projects/SemiProject/ActionRPG/Saved/Config/Windows/Scalability.ini]
[2020.03.19-11.44.00:328][  0]LogConfig: Setting CVar [[r.PostProcessAAQuality:4]]
[2020.03.19-11.44.00:328][  0]LogConfig: Applying CVar settings from Section [ShadowQuality@3] File [C:/Users/ajant/Documents/Unreal Projects/SemiProject/ActionRPG/Saved/Config/Windows/Scalability.ini]
[2020.03.19-11.44.00:328][  0]LogConfig: Setting CVar [[r.LightFunctionQuality:1]]
[2020.03.19-11.44.00:328][  0]LogConfig: Setting CVar [[r.ShadowQuality:5]]
[2020.03.19-11.44.00:328][  0]LogConfig: Setting CVar [[r.Shadow.CSM.MaxCascades:10]]
[2020.03.19-11.44.00:328][  0]LogConfig: Setting CVar [[r.Shadow.MaxResolution:2048]]
[2020.03.19-11.44.00:328][  0]LogConfig: Setting CVar [[r.Shadow.MaxCSMResolution:2048]]
[2020.03.19-11.44.00:328][  0]LogConfig: Setting CVar [[r.Shadow.RadiusThreshold:0.01]]
[2020.03.19-11.44.00:328][  0]LogConfig: Setting CVar [[r.Shadow.DistanceScale:1.0]]
[2020.03.19-11.44.00:328][  0]LogConfig: Setting CVar [[r.Shadow.CSM.TransitionScale:1.0]]
[2020.03.19-11.44.00:328][  0]LogConfig: Setting CVar [[r.Shadow.PreShadowResolutionFactor:1.0]]
[2020.03.19-11.44.00:328][  0]LogConfig: Setting CVar [[r.DistanceFieldShadowing:1]]
[2020.03.19-11.44.00:328][  0]LogConfig: Setting CVar [[r.DistanceFieldAO:1]]
[2020.03.19-11.44.00:328][  0]LogConfig: Setting CVar [[r.AOQuality:2]]
[2020.03.19-11.44.00:328][  0]LogConfig: Setting CVar [[r.VolumetricFog:1]]
[2020.03.19-11.44.00:328][  0]LogConfig: Setting CVar [[r.VolumetricFog.GridPixelSize:8]]
[2020.03.19-11.44.00:328][  0]LogConfig: Setting CVar [[r.VolumetricFog.GridSizeZ:128]]
[2020.03.19-11.44.00:328][  0]LogConfig: Setting CVar [[r.VolumetricFog.HistoryMissSupersampleCount:4]]
[2020.03.19-11.44.00:328][  0]LogConfig: Setting CVar [[r.LightMaxDrawDistanceScale:1]]
[2020.03.19-11.44.00:328][  0]LogConfig: Setting CVar [[r.CapsuleShadows:1]]
[2020.03.19-11.44.00:328][  0]LogConfig: Applying CVar settings from Section [PostProcessQuality@3] File [C:/Users/ajant/Documents/Unreal Projects/SemiProject/ActionRPG/Saved/Config/Windows/Scalability.ini]
[2020.03.19-11.44.00:328][  0]LogConfig: Setting CVar [[r.MotionBlurQuality:4]]
[2020.03.19-11.44.00:328][  0]LogConfig: Setting CVar [[r.AmbientOcclusionMipLevelFactor:0.4]]
[2020.03.19-11.44.00:328][  0]LogConfig: Setting CVar [[r.AmbientOcclusionMaxQuality:100]]
[2020.03.19-11.44.00:328][  0]LogConfig: Setting CVar [[r.AmbientOcclusionLevels:-1]]
[2020.03.19-11.44.00:328][  0]LogConfig: Setting CVar [[r.AmbientOcclusionRadiusScale:1.0]]
[2020.03.19-11.44.00:328][  0]LogConfig: Setting CVar [[r.DepthOfFieldQuality:2]]
[2020.03.19-11.44.00:328][  0]LogConfig: Setting CVar [[r.RenderTargetPoolMin:400]]
[2020.03.19-11.44.00:328][  0]LogConfig: Setting CVar [[r.LensFlareQuality:2]]
[2020.03.19-11.44.00:328][  0]LogConfig: Setting CVar [[r.SceneColorFringeQuality:1]]
[2020.03.19-11.44.00:328][  0]LogConfig: Setting CVar [[r.EyeAdaptationQuality:2]]
[2020.03.19-11.44.00:328][  0]LogConfig: Setting CVar [[r.BloomQuality:5]]
[2020.03.19-11.44.00:328][  0]LogConfig: Setting CVar [[r.FastBlurThreshold:100]]
[2020.03.19-11.44.00:328][  0]LogConfig: Setting CVar [[r.Upscale.Quality:3]]
[2020.03.19-11.44.00:328][  0]LogConfig: Setting CVar [[r.Tonemapper.GrainQuantization:1]]
[2020.03.19-11.44.00:328][  0]LogConfig: Setting CVar [[r.LightShaftQuality:1]]
[2020.03.19-11.44.00:328][  0]LogConfig: Setting CVar [[r.Filter.SizeScale:1]]
[2020.03.19-11.44.00:328][  0]LogConfig: Setting CVar [[r.Tonemapper.Quality:5]]
[2020.03.19-11.44.00:328][  0]LogConfig: Setting CVar [[r.DOF.Gather.AccumulatorQuality:1        ; higher gathering accumulator quality]]
[2020.03.19-11.44.00:328][  0]LogConfig: Setting CVar [[r.DOF.Gather.PostfilterMethod:1          ; Median3x3 postfilering method]]
[2020.03.19-11.44.00:329][  0]LogConfig: Setting CVar [[r.DOF.Gather.EnableBokehSettings:0       ; no bokeh simulation when gathering]]
[2020.03.19-11.44.00:329][  0]LogConfig: Setting CVar [[r.DOF.Gather.RingCount:4                 ; medium number of samples when gathering]]
[2020.03.19-11.44.00:329][  0]LogConfig: Setting CVar [[r.DOF.Scatter.ForegroundCompositing:1    ; additive foreground scattering]]
[2020.03.19-11.44.00:329][  0]LogConfig: Setting CVar [[r.DOF.Scatter.BackgroundCompositing:2    ; additive background scattering]]
[2020.03.19-11.44.00:329][  0]LogConfig: Setting CVar [[r.DOF.Scatter.EnableBokehSettings:1      ; bokeh simulation when scattering]]
[2020.03.19-11.44.00:329][  0]LogConfig: Setting CVar [[r.DOF.Scatter.MaxSpriteRatio:0.1         ; only a maximum of 10% of scattered bokeh]]
[2020.03.19-11.44.00:329][  0]LogConfig: Setting CVar [[r.DOF.Recombine.Quality:1                ; cheap slight out of focus]]
[2020.03.19-11.44.00:329][  0]LogConfig: Setting CVar [[r.DOF.Recombine.EnableBokehSettings:0    ; no bokeh simulation on slight out of focus]]
[2020.03.19-11.44.00:329][  0]LogConfig: Setting CVar [[r.DOF.TemporalAAQuality:1                ; more stable temporal accumulation]]
[2020.03.19-11.44.00:329][  0]LogConfig: Setting CVar [[r.DOF.Kernel.MaxForegroundRadius:0.025]]
[2020.03.19-11.44.00:329][  0]LogConfig: Setting CVar [[r.DOF.Kernel.MaxBackgroundRadius:0.025]]
[2020.03.19-11.44.00:329][  0]LogConfig: Applying CVar settings from Section [TextureQuality@3] File [C:/Users/ajant/Documents/Unreal Projects/SemiProject/ActionRPG/Saved/Config/Windows/Scalability.ini]
[2020.03.19-11.44.00:329][  0]LogConfig: Setting CVar [[r.Streaming.MipBias:0]]
[2020.03.19-11.44.00:329][  0]LogConfig: Setting CVar [[r.Streaming.AmortizeCPUToGPUCopy:0]]
[2020.03.19-11.44.00:329][  0]LogConfig: Setting CVar [[r.Streaming.MaxNumTexturesToStreamPerFrame:0]]
[2020.03.19-11.44.00:329][  0]LogConfig: Setting CVar [[r.Streaming.Boost:1]]
[2020.03.19-11.44.00:329][  0]LogConfig: Setting CVar [[r.MaxAnisotropy:8]]
[2020.03.19-11.44.00:329][  0]LogConfig: Setting CVar [[r.Streaming.LimitPoolSizeToVRAM:0]]
[2020.03.19-11.44.00:329][  0]LogConfig: Setting CVar [[r.Streaming.PoolSize:1000]]
[2020.03.19-11.44.00:329][  0]LogConfig: Setting CVar [[r.Streaming.MaxEffectiveScreenSize:0]]
[2020.03.19-11.44.00:329][  0]LogConfig: Applying CVar settings from Section [EffectsQuality@3] File [C:/Users/ajant/Documents/Unreal Projects/SemiProject/ActionRPG/Saved/Config/Windows/Scalability.ini]
[2020.03.19-11.44.00:329][  0]LogConfig: Setting CVar [[r.TranslucencyLightingVolumeDim:64]]
[2020.03.19-11.44.00:329][  0]LogConfig: Setting CVar [[r.RefractionQuality:2]]
[2020.03.19-11.44.00:329][  0]LogConfig: Setting CVar [[r.SSR.Quality:3]]
[2020.03.19-11.44.00:329][  0]LogConfig: Setting CVar [[r.SceneColorFormat:4]]
[2020.03.19-11.44.00:329][  0]LogConfig: Setting CVar [[r.DetailMode:2]]
[2020.03.19-11.44.00:329][  0]LogConfig: Setting CVar [[r.TranslucencyVolumeBlur:1]]
[2020.03.19-11.44.00:329][  0]LogConfig: Setting CVar [[r.MaterialQualityLevel:1 ; High quality]]
[2020.03.19-11.44.00:329][  0]LogConfig: Setting CVar [[r.SSS.Scale:1]]
[2020.03.19-11.44.00:329][  0]LogConfig: Setting CVar [[r.SSS.SampleSet:2]]
[2020.03.19-11.44.00:329][  0]LogConfig: Setting CVar [[r.SSS.Quality:1]]
[2020.03.19-11.44.00:329][  0]LogConfig: Setting CVar [[r.SSS.HalfRes:1]]
[2020.03.19-11.44.00:329][  0]LogConfig: Setting CVar [[r.EmitterSpawnRateScale:1.0]]
[2020.03.19-11.44.00:329][  0]LogConfig: Setting CVar [[r.ParticleLightQuality:2]]
[2020.03.19-11.44.00:329][  0]LogConfig: Applying CVar settings from Section [FoliageQuality@3] File [C:/Users/ajant/Documents/Unreal Projects/SemiProject/ActionRPG/Saved/Config/Windows/Scalability.ini]
[2020.03.19-11.44.00:329][  0]LogConfig: Setting CVar [[foliage.DensityScale:1.0]]
[2020.03.19-11.44.00:329][  0]LogConfig: Setting CVar [[grass.DensityScale:1.0]]
[2020.03.19-11.44.00:329][  0]LogInit: Selected Device Profile: [Windows]
[2020.03.19-11.44.00:329][  0]LogInit: Applying CVar settings loaded from the selected device profile: [Windows]
[2020.03.19-11.44.00:333][  0]LogHAL: Display: Platform has ~ 16 GB [17094995968 / 17179869184 / 16], which maps to Larger [LargestMinGB=32, LargerMinGB=12, DefaultMinGB=8, SmallerMinGB=6, SmallestMinGB=0)
[2020.03.19-11.44.00:333][  0]LogInit: Going up to parent DeviceProfile []
[2020.03.19-11.44.00:333][  0]LogConfig: Applying CVar settings from Section [ViewDistanceQuality@3] File [C:/Users/ajant/Documents/Unreal Projects/SemiProject/ActionRPG/Saved/Config/Windows/Scalability.ini]
[2020.03.19-11.44.00:333][  0]LogConfig: Setting CVar [[r.SkeletalMeshLODBias:0]]
[2020.03.19-11.44.00:333][  0]LogConfig: Setting CVar [[r.ViewDistanceScale:1.0]]
[2020.03.19-11.44.00:333][  0]LogConfig: Applying CVar settings from Section [AntiAliasingQuality@3] File [C:/Users/ajant/Documents/Unreal Projects/SemiProject/ActionRPG/Saved/Config/Windows/Scalability.ini]
[2020.03.19-11.44.00:333][  0]LogConfig: Setting CVar [[r.PostProcessAAQuality:4]]
[2020.03.19-11.44.00:333][  0]LogConfig: Applying CVar settings from Section [ShadowQuality@3] File [C:/Users/ajant/Documents/Unreal Projects/SemiProject/ActionRPG/Saved/Config/Windows/Scalability.ini]
[2020.03.19-11.44.00:333][  0]LogConfig: Setting CVar [[r.LightFunctionQuality:1]]
[2020.03.19-11.44.00:333][  0]LogConfig: Setting CVar [[r.ShadowQuality:5]]
[2020.03.19-11.44.00:333][  0]LogConfig: Setting CVar [[r.Shadow.CSM.MaxCascades:10]]
[2020.03.19-11.44.00:333][  0]LogConfig: Setting CVar [[r.Shadow.MaxResolution:2048]]
[2020.03.19-11.44.00:333][  0]LogConfig: Setting CVar [[r.Shadow.MaxCSMResolution:2048]]
[2020.03.19-11.44.00:333][  0]LogConfig: Setting CVar [[r.Shadow.RadiusThreshold:0.01]]
[2020.03.19-11.44.00:333][  0]LogConfig: Setting CVar [[r.Shadow.DistanceScale:1.0]]
[2020.03.19-11.44.00:333][  0]LogConfig: Setting CVar [[r.Shadow.CSM.TransitionScale:1.0]]
[2020.03.19-11.44.00:333][  0]LogConfig: Setting CVar [[r.Shadow.PreShadowResolutionFactor:1.0]]
[2020.03.19-11.44.00:333][  0]LogConfig: Setting CVar [[r.DistanceFieldShadowing:1]]
[2020.03.19-11.44.00:333][  0]LogConfig: Setting CVar [[r.DistanceFieldAO:1]]
[2020.03.19-11.44.00:333][  0]LogConfig: Setting CVar [[r.AOQuality:2]]
[2020.03.19-11.44.00:333][  0]LogConfig: Setting CVar [[r.VolumetricFog:1]]
[2020.03.19-11.44.00:333][  0]LogConfig: Setting CVar [[r.VolumetricFog.GridPixelSize:8]]
[2020.03.19-11.44.00:333][  0]LogConfig: Setting CVar [[r.VolumetricFog.GridSizeZ:128]]
[2020.03.19-11.44.00:333][  0]LogConfig: Setting CVar [[r.VolumetricFog.HistoryMissSupersampleCount:4]]
[2020.03.19-11.44.00:333][  0]LogConfig: Setting CVar [[r.LightMaxDrawDistanceScale:1]]
[2020.03.19-11.44.00:333][  0]LogConfig: Setting CVar [[r.CapsuleShadows:1]]
[2020.03.19-11.44.00:333][  0]LogConfig: Applying CVar settings from Section [PostProcessQuality@3] File [C:/Users/ajant/Documents/Unreal Projects/SemiProject/ActionRPG/Saved/Config/Windows/Scalability.ini]
[2020.03.19-11.44.00:333][  0]LogConfig: Setting CVar [[r.MotionBlurQuality:4]]
[2020.03.19-11.44.00:333][  0]LogConfig: Setting CVar [[r.AmbientOcclusionMipLevelFactor:0.4]]
[2020.03.19-11.44.00:333][  0]LogConfig: Setting CVar [[r.AmbientOcclusionMaxQuality:100]]
[2020.03.19-11.44.00:333][  0]LogConfig: Setting CVar [[r.AmbientOcclusionLevels:-1]]
[2020.03.19-11.44.00:333][  0]LogConfig: Setting CVar [[r.AmbientOcclusionRadiusScale:1.0]]
[2020.03.19-11.44.00:333][  0]LogConfig: Setting CVar [[r.DepthOfFieldQuality:2]]
[2020.03.19-11.44.00:333][  0]LogConfig: Setting CVar [[r.RenderTargetPoolMin:400]]
[2020.03.19-11.44.00:333][  0]LogConfig: Setting CVar [[r.LensFlareQuality:2]]
[2020.03.19-11.44.00:333][  0]LogConfig: Setting CVar [[r.SceneColorFringeQuality:1]]
[2020.03.19-11.44.00:333][  0]LogConfig: Setting CVar [[r.EyeAdaptationQuality:2]]
[2020.03.19-11.44.00:333][  0]LogConfig: Setting CVar [[r.BloomQuality:5]]
[2020.03.19-11.44.00:333][  0]LogConfig: Setting CVar [[r.FastBlurThreshold:100]]
[2020.03.19-11.44.00:333][  0]LogConfig: Setting CVar [[r.Upscale.Quality:3]]
[2020.03.19-11.44.00:333][  0]LogConfig: Setting CVar [[r.Tonemapper.GrainQuantization:1]]
[2020.03.19-11.44.00:333][  0]LogConfig: Setting CVar [[r.LightShaftQuality:1]]
[2020.03.19-11.44.00:333][  0]LogConfig: Setting CVar [[r.Filter.SizeScale:1]]
[2020.03.19-11.44.00:333][  0]LogConfig: Setting CVar [[r.Tonemapper.Quality:5]]
[2020.03.19-11.44.00:333][  0]LogConfig: Setting CVar [[r.DOF.Gather.AccumulatorQuality:1        ; higher gathering accumulator quality]]
[2020.03.19-11.44.00:333][  0]LogConfig: Setting CVar [[r.DOF.Gather.PostfilterMethod:1          ; Median3x3 postfilering method]]
[2020.03.19-11.44.00:333][  0]LogConfig: Setting CVar [[r.DOF.Gather.EnableBokehSettings:0       ; no bokeh simulation when gathering]]
[2020.03.19-11.44.00:333][  0]LogConfig: Setting CVar [[r.DOF.Gather.RingCount:4                 ; medium number of samples when gathering]]
[2020.03.19-11.44.00:333][  0]LogConfig: Setting CVar [[r.DOF.Scatter.ForegroundCompositing:1    ; additive foreground scattering]]
[2020.03.19-11.44.00:333][  0]LogConfig: Setting CVar [[r.DOF.Scatter.BackgroundCompositing:2    ; additive background scattering]]
[2020.03.19-11.44.00:333][  0]LogConfig: Setting CVar [[r.DOF.Scatter.EnableBokehSettings:1      ; bokeh simulation when scattering]]
[2020.03.19-11.44.00:333][  0]LogConfig: Setting CVar [[r.DOF.Scatter.MaxSpriteRatio:0.1         ; only a maximum of 10% of scattered bokeh]]
[2020.03.19-11.44.00:333][  0]LogConfig: Setting CVar [[r.DOF.Recombine.Quality:1                ; cheap slight out of focus]]
[2020.03.19-11.44.00:333][  0]LogConfig: Setting CVar [[r.DOF.Recombine.EnableBokehSettings:0    ; no bokeh simulation on slight out of focus]]
[2020.03.19-11.44.00:333][  0]LogConfig: Setting CVar [[r.DOF.TemporalAAQuality:1                ; more stable temporal accumulation]]
[2020.03.19-11.44.00:333][  0]LogConfig: Setting CVar [[r.DOF.Kernel.MaxForegroundRadius:0.025]]
[2020.03.19-11.44.00:333][  0]LogConfig: Setting CVar [[r.DOF.Kernel.MaxBackgroundRadius:0.025]]
[2020.03.19-11.44.00:333][  0]LogConfig: Applying CVar settings from Section [TextureQuality@3] File [C:/Users/ajant/Documents/Unreal Projects/SemiProject/ActionRPG/Saved/Config/Windows/Scalability.ini]
[2020.03.19-11.44.00:333][  0]LogConfig: Setting CVar [[r.Streaming.MipBias:0]]
[2020.03.19-11.44.00:333][  0]LogConfig: Setting CVar [[r.Streaming.AmortizeCPUToGPUCopy:0]]
[2020.03.19-11.44.00:333][  0]LogConfig: Setting CVar [[r.Streaming.MaxNumTexturesToStreamPerFrame:0]]
[2020.03.19-11.44.00:334][  0]LogConfig: Setting CVar [[r.Streaming.Boost:1]]
[2020.03.19-11.44.00:334][  0]LogConfig: Setting CVar [[r.MaxAnisotropy:8]]
[2020.03.19-11.44.00:334][  0]LogConfig: Setting CVar [[r.Streaming.LimitPoolSizeToVRAM:0]]
[2020.03.19-11.44.00:334][  0]LogConfig: Setting CVar [[r.Streaming.PoolSize:1000]]
[2020.03.19-11.44.00:334][  0]LogConfig: Setting CVar [[r.Streaming.MaxEffectiveScreenSize:0]]
[2020.03.19-11.44.00:334][  0]LogConfig: Applying CVar settings from Section [EffectsQuality@3] File [C:/Users/ajant/Documents/Unreal Projects/SemiProject/ActionRPG/Saved/Config/Windows/Scalability.ini]
[2020.03.19-11.44.00:334][  0]LogConfig: Setting CVar [[r.TranslucencyLightingVolumeDim:64]]
[2020.03.19-11.44.00:334][  0]LogConfig: Setting CVar [[r.RefractionQuality:2]]
[2020.03.19-11.44.00:334][  0]LogConfig: Setting CVar [[r.SSR.Quality:3]]
[2020.03.19-11.44.00:334][  0]LogConfig: Setting CVar [[r.SceneColorFormat:4]]
[2020.03.19-11.44.00:334][  0]LogConfig: Setting CVar [[r.DetailMode:2]]
[2020.03.19-11.44.00:334][  0]LogConfig: Setting CVar [[r.TranslucencyVolumeBlur:1]]
[2020.03.19-11.44.00:334][  0]LogConfig: Setting CVar [[r.MaterialQualityLevel:1 ; High quality]]
[2020.03.19-11.44.00:334][  0]LogConfig: Setting CVar [[r.SSS.Scale:1]]
[2020.03.19-11.44.00:334][  0]LogConfig: Setting CVar [[r.SSS.SampleSet:2]]
[2020.03.19-11.44.00:334][  0]LogConfig: Setting CVar [[r.SSS.Quality:1]]
[2020.03.19-11.44.00:334][  0]LogConfig: Setting CVar [[r.SSS.HalfRes:1]]
[2020.03.19-11.44.00:334][  0]LogConfig: Setting CVar [[r.EmitterSpawnRateScale:1.0]]
[2020.03.19-11.44.00:334][  0]LogConfig: Setting CVar [[r.ParticleLightQuality:2]]
[2020.03.19-11.44.00:334][  0]LogConfig: Applying CVar settings from Section [FoliageQuality@3] File [C:/Users/ajant/Documents/Unreal Projects/SemiProject/ActionRPG/Saved/Config/Windows/Scalability.ini]
[2020.03.19-11.44.00:334][  0]LogConfig: Setting CVar [[foliage.DensityScale:1.0]]
[2020.03.19-11.44.00:334][  0]LogConfig: Setting CVar [[grass.DensityScale:1.0]]
[2020.03.19-11.44.00:334][  0]LogConfig: Applying CVar settings from Section [Startup] File [../../../Engine/Config/ConsoleVariables.ini]
[2020.03.19-11.44.00:334][  0]LogConfig: Setting CVar [[net.UseAdaptiveNetUpdateFrequency:0]]
[2020.03.19-11.44.00:334][  0]LogConfig: Setting CVar [[p.chaos.AllowCreatePhysxBodies:1]]
[2020.03.19-11.44.00:334][  0]LogConfig: Applying CVar settings from Section [ConsoleVariables] File [C:/Users/ajant/Documents/Unreal Projects/SemiProject/ActionRPG/Saved/Config/Windows/Engine.ini]
[2020.03.19-11.44.00:334][  0]LogInit: Computer: DESKTOP-6TQGBUR
[2020.03.19-11.44.00:334][  0]LogInit: User: ajant
[2020.03.19-11.44.00:334][  0]LogInit: CPU Page size=4096, Cores=4
[2020.03.19-11.44.00:334][  0]LogInit: High frequency timer resolution =10.000000 MHz
[2020.03.19-11.44.00:334][  0]LogMemory: Memory total: Physical=15.9GB (16GB approx)
[2020.03.19-11.44.00:334][  0]LogMemory: Platform Memory Stats for Windows
[2020.03.19-11.44.00:334][  0]LogMemory: Process Physical Memory: 100.31 MB used, 100.31 MB peak
[2020.03.19-11.44.00:334][  0]LogMemory: Process Virtual Memory: 99.86 MB used, 99.86 MB peak
[2020.03.19-11.44.00:334][  0]LogMemory: Physical Memory: 5637.71 MB used,  10665.34 MB free, 16303.06 MB total
[2020.03.19-11.44.00:334][  0]LogMemory: Virtual Memory: 4655.71 MB used,  134213072.00 MB free, 134217728.00 MB total
[2020.03.19-11.44.00:340][  0]LogWindows: WindowsPlatformFeatures enabled
[2020.03.19-11.44.00:383][  0]LogInit: Overriding language with editor language configuration option (en).
[2020.03.19-11.44.00:383][  0]LogInit: Overriding locale with editor culture configuration option ().
[2020.03.19-11.44.00:383][  0]LogInit: Using OS detected locale (ko-KR).
[2020.03.19-11.44.00:609][  0]LogInit: Setting process to per monitor DPI aware
[2020.03.19-11.44.00:686][  0]LogSlate: New Slate User Created.  User Index 0, Is Virtual User: 0
[2020.03.19-11.44.00:686][  0]LogSlate: Slate User Registered.  User Index 0, Is Virtual User: 0
[2020.03.19-11.44.00:940][  0]LogHMD: Failed to initialize OpenVR with code 110
[2020.03.19-11.44.00:940][  0]LogD3D11RHI: D3D11 adapters:
[2020.03.19-11.44.01:056][  0]LogD3D11RHI:    0. 'NVIDIA GeForce GTX 1060 6GB' (Feature Level 11_0)
[2020.03.19-11.44.01:056][  0]LogD3D11RHI:       6052/0/8151 MB DedicatedVideo/DedicatedSystem/SharedSystem, Outputs:1, VendorId:0x10de
[2020.03.19-11.44.01:060][  0]LogD3D11RHI:    1. 'Microsoft Basic Render Driver' (Feature Level 11_0)
[2020.03.19-11.44.01:060][  0]LogD3D11RHI:       0/0/8151 MB DedicatedVideo/DedicatedSystem/SharedSystem, Outputs:0, VendorId:0x1414
[2020.03.19-11.44.01:060][  0]LogD3D11RHI: Chosen D3D11 Adapter: 0
[2020.03.19-11.44.01:068][  0]LogD3D11RHI: Creating new Direct3DDevice
[2020.03.19-11.44.01:068][  0]LogD3D11RHI:     GPU DeviceId: 0x1c03 (for the marketing name, search the web for "GPU Device Id")
[2020.03.19-11.44.01:068][  0]LogWindows: EnumDisplayDevices:
[2020.03.19-11.44.01:068][  0]LogWindows:    0. 'NVIDIA GeForce GTX 1060 6GB' (P:1 D:1)
[2020.03.19-11.44.01:070][  0]LogWindows:    1. 'NVIDIA GeForce GTX 1060 6GB' (P:0 D:0)
[2020.03.19-11.44.01:072][  0]LogWindows:    2. 'NVIDIA GeForce GTX 1060 6GB' (P:0 D:0)
[2020.03.19-11.44.01:075][  0]LogWindows:    3. 'NVIDIA GeForce GTX 1060 6GB' (P:0 D:0)
[2020.03.19-11.44.01:076][  0]LogWindows: DebugString: FoundDriverCount:4 
[2020.03.19-11.44.01:076][  0]LogD3D11RHI:     Adapter Name: NVIDIA GeForce GTX 1060 6GB
[2020.03.19-11.44.01:076][  0]LogD3D11RHI:   Driver Version: 441.87 (internal:26.21.14.4187, unified:441.87)
[2020.03.19-11.44.01:076][  0]LogD3D11RHI:      Driver Date: 12-24-2019
[2020.03.19-11.44.01:076][  0]LogRHI: Texture pool is 4236 MB (70% of 6052 MB)
[2020.03.19-11.44.01:133][  0]LogD3D11RHI: Async texture creation enabled
[2020.03.19-11.44.01:168][  0]LogD3D11RHI: GPU Timing Frequency: 1000.000000 (Debug: 2 2)
[2020.03.19-11.44.01:768][  0]LogTemp: Display: Module 'AllDesktopTargetPlatform' loaded TargetPlatform 'AllDesktop'
[2020.03.19-11.44.01:780][  0]LogTemp: Display: Module 'MacClientTargetPlatform' loaded TargetPlatform 'MacClient'
[2020.03.19-11.44.01:791][  0]LogTemp: Display: Module 'MacNoEditorTargetPlatform' loaded TargetPlatform 'MacNoEditor'
[2020.03.19-11.44.01:803][  0]LogTemp: Display: Module 'MacServerTargetPlatform' loaded TargetPlatform 'MacServer'
[2020.03.19-11.44.01:814][  0]LogTemp: Display: Module 'MacTargetPlatform' loaded TargetPlatform 'Mac'
[2020.03.19-11.44.01:826][  0]LogTemp: Display: Module 'WindowsClientTargetPlatform' loaded TargetPlatform 'WindowsClient'
[2020.03.19-11.44.01:837][  0]LogTemp: Display: Module 'WindowsNoEditorTargetPlatform' loaded TargetPlatform 'WindowsNoEditor'
[2020.03.19-11.44.01:849][  0]LogTemp: Display: Module 'WindowsServerTargetPlatform' loaded TargetPlatform 'WindowsServer'
[2020.03.19-11.44.01:856][  0]LogTemp: Display: Module 'WindowsTargetPlatform' loaded TargetPlatform 'Windows'
[2020.03.19-11.44.01:891][  0]LogTemp: Display: Module 'AndroidTargetPlatform' loaded TargetPlatform 'Android'
[2020.03.19-11.44.01:891][  0]LogTemp: Display: Module 'AndroidTargetPlatform' loaded TargetPlatform 'Android_ASTC'
[2020.03.19-11.44.01:891][  0]LogTemp: Display: Module 'AndroidTargetPlatform' loaded TargetPlatform 'Android_ATC'
[2020.03.19-11.44.01:891][  0]LogTemp: Display: Module 'AndroidTargetPlatform' loaded TargetPlatform 'Android_DXT'
[2020.03.19-11.44.01:891][  0]LogTemp: Display: Module 'AndroidTargetPlatform' loaded TargetPlatform 'Android_ETC1'
[2020.03.19-11.44.01:891][  0]LogTemp: Display: Module 'AndroidTargetPlatform' loaded TargetPlatform 'Android_ETC1a'
[2020.03.19-11.44.01:891][  0]LogTemp: Display: Module 'AndroidTargetPlatform' loaded TargetPlatform 'Android_ETC2'
[2020.03.19-11.44.01:891][  0]LogTemp: Display: Module 'AndroidTargetPlatform' loaded TargetPlatform 'Android_PVRTC'
[2020.03.19-11.44.01:891][  0]LogTemp: Display: Module 'AndroidTargetPlatform' loaded TargetPlatform 'AndroidClient'
[2020.03.19-11.44.01:891][  0]LogTemp: Display: Module 'AndroidTargetPlatform' loaded TargetPlatform 'Android_ASTCClient'
[2020.03.19-11.44.01:891][  0]LogTemp: Display: Module 'AndroidTargetPlatform' loaded TargetPlatform 'Android_ATCClient'
[2020.03.19-11.44.01:891][  0]LogTemp: Display: Module 'AndroidTargetPlatform' loaded TargetPlatform 'Android_DXTClient'
[2020.03.19-11.44.01:891][  0]LogTemp: Display: Module 'AndroidTargetPlatform' loaded TargetPlatform 'Android_ETC1Client'
[2020.03.19-11.44.01:891][  0]LogTemp: Display: Module 'AndroidTargetPlatform' loaded TargetPlatform 'Android_ETC1aClient'
[2020.03.19-11.44.01:891][  0]LogTemp: Display: Module 'AndroidTargetPlatform' loaded TargetPlatform 'Android_ETC2Client'
[2020.03.19-11.44.01:891][  0]LogTemp: Display: Module 'AndroidTargetPlatform' loaded TargetPlatform 'Android_PVRTCClient'
[2020.03.19-11.44.01:891][  0]LogTemp: Display: Module 'AndroidTargetPlatform' loaded TargetPlatform 'Android_Multi'
[2020.03.19-11.44.01:891][  0]LogTemp: Display: Module 'AndroidTargetPlatform' loaded TargetPlatform 'Android_MultiClient'
[2020.03.19-11.44.01:894][  0]LogTemp: Display: Module 'HTML5TargetPlatform' loaded TargetPlatform 'HTML5'
[2020.03.19-11.44.01:915][  0]LogTemp: Display: Module 'IOSTargetPlatform' loaded TargetPlatform 'IOSClient'
[2020.03.19-11.44.01:915][  0]LogTemp: Display: Module 'IOSTargetPlatform' loaded TargetPlatform 'IOS'
[2020.03.19-11.44.01:932][  0]LogTemp: Display: Module 'TVOSTargetPlatform' loaded TargetPlatform 'TVOSClient'
[2020.03.19-11.44.01:932][  0]LogTemp: Display: Module 'TVOSTargetPlatform' loaded TargetPlatform 'TVOS'
[2020.03.19-11.44.01:940][  0]LogTemp: Display: Module 'LinuxClientTargetPlatform' loaded TargetPlatform 'LinuxClient'
[2020.03.19-11.44.01:949][  0]LogTemp: Display: Module 'LinuxNoEditorTargetPlatform' loaded TargetPlatform 'LinuxNoEditor'
[2020.03.19-11.44.01:958][  0]LogTemp: Display: Module 'LinuxServerTargetPlatform' loaded TargetPlatform 'LinuxServer'
[2020.03.19-11.44.01:968][  0]LogTemp: Display: Module 'LinuxTargetPlatform' loaded TargetPlatform 'Linux'
[2020.03.19-11.44.01:999][  0]LogTemp: Display: Module 'LuminTargetPlatform' loaded TargetPlatform 'Lumin'
[2020.03.19-11.44.02:000][  0]LogTemp: Display: Module 'LuminTargetPlatform' loaded TargetPlatform 'LuminClient'
[2020.03.19-11.44.02:000][  0]LogTargetPlatformManager: Display: Building Assets For Windows
[2020.03.19-11.44.02:015][  0]LogAudioDebug: Display: Lib vorbis DLL was dynamically loaded.
[2020.03.19-11.44.02:102][  0]LogShaderCompilers: Guid format shader working directory is -31 characters bigger than the processId version (../../../../../../Users/ajant/Documents/Unreal Projects/SemiProject/ActionRPG/Intermediate/Shaders/WorkingDirectory/4564/).
[2020.03.19-11.44.02:102][  0]LogShaderCompilers: Cleaned the shader compiler working directory 'C:/Users/ajant/AppData/Local/Temp/UnrealShaderWorkingDir/ADC9E4EF46663BBFFECD459E4B067E17/'.
[2020.03.19-11.44.02:106][  0]LogXGEController: Cannot use XGE Controller as Incredibuild is not installed on this machine.
[2020.03.19-11.44.02:107][  0]LogShaderCompilers: Cannot use XGE Shader Compiler as Incredibuild is not installed on this machine.
[2020.03.19-11.44.02:107][  0]LogShaderCompilers: Display: Using Local Shader Compiler.
[2020.03.19-11.44.02:752][  0]LogDerivedDataCache: Display: Max Cache Size: 512 MB
[2020.03.19-11.44.02:808][  0]LogDerivedDataCache: Loaded boot cache 0.06s 73MB C:/Users/ajant/AppData/Local/UnrealEngine/4.23/DerivedDataCache/Boot.ddc.
[2020.03.19-11.44.02:808][  0]LogDerivedDataCache: Display: Loaded Boot cache: C:/Users/ajant/AppData/Local/UnrealEngine/4.23/DerivedDataCache/Boot.ddc
[2020.03.19-11.44.02:808][  0]LogDerivedDataCache: FDerivedDataBackendGraph:  Pak pak cache file ../../../../../../Users/ajant/Documents/Unreal Projects/SemiProject/ActionRPG/DerivedDataCache/DDC.ddp not found, will not use a pak cache.
[2020.03.19-11.44.02:808][  0]LogDerivedDataCache: Unable to find inner node Pak for hierarchical cache Hierarchy.
[2020.03.19-11.44.02:808][  0]LogDerivedDataCache: FDerivedDataBackendGraph:  CompressedPak pak cache file ../../../../../../Users/ajant/Documents/Unreal Projects/SemiProject/ActionRPG/DerivedDataCache/Compressed.ddp not found, will not use a pak cache.
[2020.03.19-11.44.02:808][  0]LogDerivedDataCache: Unable to find inner node CompressedPak for hierarchical cache Hierarchy.
[2020.03.19-11.44.02:819][  0]LogDerivedDataCache: Display: Pak cache opened for reading ../../../Engine/DerivedDataCache/Compressed.ddp.
[2020.03.19-11.44.02:819][  0]LogDerivedDataCache: FDerivedDataBackendGraph:  EnterprisePak pak cache file ../../../Enterprise/DerivedDataCache/Compressed.ddp not found, will not use a pak cache.
[2020.03.19-11.44.02:819][  0]LogDerivedDataCache: Unable to find inner node EnterprisePak for hierarchical cache Hierarchy.
[2020.03.19-11.44.02:822][  0]LogDerivedDataCache: Using Local data cache path C:/Users/ajant/AppData/Local/UnrealEngine/Common/DerivedDataCache: Writable
[2020.03.19-11.44.02:822][  0]LogDerivedDataCache: Shared data cache path not found in *engine.ini, will not use an Shared cache.
[2020.03.19-11.44.02:822][  0]LogDerivedDataCache: Unable to find inner node Shared for hierarchical cache Hierarchy.
[2020.03.19-11.44.02:843][  0]LogMaterial: Verifying Global Shaders for PCD3D_SM5
[2020.03.19-11.44.02:845][  0]LogSlate: Using FreeType 2.6.0
[2020.03.19-11.44.02:846][  0]LogSlate: SlateFontServices - WITH_FREETYPE: 1, WITH_HARFBUZZ: 1
[2020.03.19-11.44.02:917][  0]LogAssetRegistry: FAssetRegistry took 0.0083 seconds to start up
[2020.03.19-11.44.03:198][  0]LogInit: Selected Device Profile: [Windows]
[2020.03.19-11.44.03:367][  0]LogMeshReduction: Using QuadricMeshReduction for automatic static mesh reduction
[2020.03.19-11.44.03:367][  0]LogMeshReduction: Using SimplygonMeshReduction for automatic skeletal mesh reduction
[2020.03.19-11.44.03:367][  0]LogMeshReduction: Using ProxyLODMeshReduction for automatic mesh merging
[2020.03.19-11.44.03:367][  0]LogMeshReduction: No distributed automatic mesh merging module available
[2020.03.19-11.44.03:367][  0]LogMeshMerging: No distributed automatic mesh merging module available
[2020.03.19-11.44.03:376][  0]LogNetVersion: ActionRPG 1.0.0, NetCL: 8386587, EngineNetVer: 11, GameNetVer: 0 (Checksum: 3902779509)
[2020.03.19-11.44.03:816][  0]LogPackageLocalizationCache: Processed 12 localized package path(s) for 1 prioritized culture(s) in 0.054108 seconds
[2020.03.19-11.44.03:823][  0]LogUObjectArray: 43444 objects as part of root set at end of initial load.
[2020.03.19-11.44.03:823][  0]LogUObjectAllocator: 7548648 out of 0 bytes used by permanent object pool.
[2020.03.19-11.44.03:823][  0]LogUObjectArray: CloseDisregardForGC: 0/0 objects in disregard for GC pool
[2020.03.19-11.44.04:854][  0]LogTcpMessaging: Initializing TcpMessaging bridge
[2020.03.19-11.44.04:858][  0]LogUdpMessaging: Initializing bridge on interface 0.0.0.0:0 to multicast group 230.0.0.1:6666.
[2020.03.19-11.44.04:931][  0]SourceControl: Source control is disabled
[2020.03.19-11.44.04:931][  0]SourceControl: Source control is disabled
[2020.03.19-11.44.04:933][  0]SourceControl: Source control is disabled
[2020.03.19-11.44.04:935][  0]SourceControl: Source control is disabled
[2020.03.19-11.44.05:064][  0]LogAndroidPermission: UAndroidPermissionCallbackProxy::GetInstance
[2020.03.19-11.44.05:603][  0]LogOcInput: OculusInput pre-init called
[2020.03.19-11.44.05:612][  0]LogWindows: Failed to load 'OVRPlugin.dll' (GetLastError=126)
[2020.03.19-11.44.05:612][  0]LogWindows: File 'OVRPlugin.dll' does not exist
[2020.03.19-11.44.05:694][  0]LogEngine: Initializing Engine...
[2020.03.19-11.44.05:694][  0]LogHMD: Failed to initialize OpenVR with code 110
[2020.03.19-11.44.05:696][  0]LogStats: UGameplayTagsManager::InitializeManager -  0.000 s
[2020.03.19-11.44.05:922][  0]LogInit: Initializing FReadOnlyCVARCache
[2020.03.19-11.44.05:942][  0]LogAIModule: Creating AISystem for world Untitled
[2020.03.19-11.44.06:145][  0]LogInit: XAudio2 using '스피커(High Definition Audio Device)' : 2 channels at 44.1 kHz using 16 bits per sample (channel mask 0x3)
[2020.03.19-11.44.06:226][  0]LogInit: FAudioDevice initialized.
[2020.03.19-11.44.06:226][  0]LogNetVersion: Set ProjectVersion to 1.0.0.0. Version Checksum will be recalculated on next use.
[2020.03.19-11.44.06:311][  0]LogDerivedDataCache: Saved boot cache 0.08s 73MB C:/Users/ajant/AppData/Local/UnrealEngine/4.23/DerivedDataCache/Boot.ddc.
[2020.03.19-11.44.06:317][  0]LogInit: Texture streaming: Enabled
[2020.03.19-11.44.06:348][  0]LogEngineSessionManager: EngineSessionManager initialized
[2020.03.19-11.44.06:348][  0]LogEditorSessionSummary: Verbose: Initializing EditorSessionSummaryWriter for editor session tracking
[2020.03.19-11.44.06:351][  0]LogEditorSessionSummary: EditorSessionSummaryWriter initialized
[2020.03.19-11.44.06:435][  0]LogInit: Transaction tracking system initialized
[2020.03.19-11.44.06:486][  0]BlueprintLog: New page: Editor Load
[2020.03.19-11.44.06:616][  0]LocalizationService: Localization service is disabled
[2020.03.19-11.44.06:943][  0]LogFileCache: Scanning file cache for directory 'C:/Users/ajant/Documents/Unreal Projects/SemiProject/ActionRPG/Content/' took 0.01s
[2020.03.19-11.44.06:943][  0]LogCook: Display: Max memory allowance for cook 16384mb min free memory 0mb
[2020.03.19-11.44.06:943][  0]LogCook: Display: Mobile HDR setting 1
[2020.03.19-11.44.07:177][  0]SourceControl: Source control is disabled
[2020.03.19-11.44.07:177][  0]Cmd: MAP LOAD FILE="../../../Engine/Content/Maps/Templates/Template_Default.umap" TEMPLATE=1 SHOWPROGRESS=1 FEATURELEVEL=3
[2020.03.19-11.44.07:178][  0]LightingResults: New page: Lighting Build
[2020.03.19-11.44.07:182][  0]LogWorld: UWorld::CleanupWorld for Untitled, bSessionEnded=true, bCleanupResources=true
[2020.03.19-11.44.07:182][  0]MapCheck: New page: Map Check
[2020.03.19-11.44.07:182][  0]LightingResults: New page: Lighting Build
[2020.03.19-11.44.07:239][  0]LogUObjectHash: Compacting FUObjectHashTables data took   2.12ms
[2020.03.19-11.44.07:300][  0]LogAIModule: Creating AISystem for world Untitled_1
[2020.03.19-11.44.07:305][  0]LogEditorServer: Finished looking for orphan Actors (0.000 secs)
[2020.03.19-11.44.07:330][  0]LogUObjectHash: Compacting FUObjectHashTables data took   2.29ms
[2020.03.19-11.44.07:330][  0]Cmd: MAP CHECKDEP NOCLEARLOG
[2020.03.19-11.44.07:330][  0]MapCheck: Map check complete: 0 Error(s), 0 Warning(s), took 0.19ms to complete.
[2020.03.19-11.44.07:330][  0]LogFileHelpers: Loading map 'Template_Default' took 0.153
[2020.03.19-11.44.07:536][  0]LogSlate: Updating window title bar state: overlay mode, drag disabled, window buttons hidden, title bar hidden
[2020.03.19-11.44.07:544][  0]LogSlate: Updating window title bar state: overlay mode, drag disabled, window buttons hidden, title bar hidden
[2020.03.19-11.44.07:552][  0]LogSlate: Updating window title bar state: overlay mode, drag disabled, window buttons hidden, title bar hidden
[2020.03.19-11.44.07:560][  0]LogSlate: Updating window title bar state: overlay mode, drag disabled, window buttons hidden, title bar hidden
[2020.03.19-11.44.07:579][  0]LogCollectionManager: Loaded 0 collections in 0.003028 seconds
[2020.03.19-11.44.07:594][  0]LogFileCache: Scanning file cache for directory 'C:/Users/ajant/Documents/Unreal Projects/SemiProject/ActionRPG/Saved/Collections/' took 0.00s
[2020.03.19-11.44.07:595][  0]LogFileCache: Scanning file cache for directory 'C:/Users/ajant/Documents/Unreal Projects/SemiProject/ActionRPG/Content/Developers/ajant/Collections/' took 0.00s
[2020.03.19-11.44.07:595][  0]LogFileCache: Scanning file cache for directory 'C:/Users/ajant/Documents/Unreal Projects/SemiProject/ActionRPG/Content/Collections/' took 0.00s
[2020.03.19-11.44.07:595][  0]LogCollectionManager: Rebuilt the GUID cache for 0 collections in 0.000002 seconds
[2020.03.19-11.44.07:605][  0]LogContentBrowser: Native class hierarchy populated in 0.0084 seconds. Added 2863 classes and 680 folders.
[2020.03.19-11.44.07:619][  0]LogContentBrowser: Native class hierarchy updated for 'WidgetCarousel' in 0.0002 seconds. Added 0 classes and 0 folders.
[2020.03.19-11.44.07:960][  0]LogContentBrowser: Native class hierarchy updated for 'AddContentDialog' in 0.0002 seconds. Added 0 classes and 0 folders.
[2020.03.19-11.44.07:978][  0]LogContentBrowser: Native class hierarchy updated for 'SceneOutliner' in 0.0002 seconds. Added 1 classes and 2 folders.
[2020.03.19-11.44.08:131][  0]LogSlate: Took 0.000177 seconds to synchronously load lazily loaded font '../../../Engine/Content/Slate/Fonts/Roboto-Regular.ttf' (155K)
[2020.03.19-11.44.08:133][  0]LogSlate: Took 0.000190 seconds to synchronously load lazily loaded font '../../../Engine/Content/Slate/Fonts/Roboto-Bold.ttf' (160K)
[2020.03.19-11.44.08:144][  0]LogSlate: Took 0.005478 seconds to synchronously load lazily loaded font '../../../Engine/Content/Editor/Slate/Fonts/FontAwesome.ttf' (139K)
[2020.03.19-11.44.08:253][  0]LogRenderer: Reallocating scene render targets to support 1124x572 Format 10 NumSamples 1 (Frame:1).
[2020.03.19-11.44.08:371][  0]LogContentBrowser: Native class hierarchy updated for 'HierarchicalLODOutliner' in 0.0003 seconds. Added 0 classes and 0 folders.
[2020.03.19-11.44.08:371][  0]LogLoad: (Engine Initialization) Total time: 9.64 seconds
[2020.03.19-11.44.08:371][  0]LogLoad: (Engine Initialization) Total Blueprint compile time: 0.00 seconds
[2020.03.19-11.44.08:402][  0]LogContentStreaming: Texture pool size now 1000 MB
[2020.03.19-11.44.08:431][  0]LogSlate: Took 0.006809 seconds to synchronously load lazily loaded font '../../../Engine/Content/Slate/Fonts/Roboto-Light.ttf' (167K)
[2020.03.19-11.44.19:460][143]LogAssetRegistry: Asset discovery search completed in 16.5489 seconds
[2020.03.19-11.44.19:464][143]LogCollectionManager: Rebuilt the object cache for 0 collections in 0.000005 seconds (found 0 objects)
[2020.03.19-11.44.19:464][143]LogCollectionManager: Fixed up redirectors for 0 collections in 0.000097 seconds (updated 0 objects)
[2020.03.19-11.44.32:127][649]LogSlate: FSceneViewport::OnFocusLost() reason 0
[2020.03.19-11.44.51:389][913]LogSlate: Took 0.000160 seconds to synchronously load lazily loaded font '../../../Engine/Content/Slate/Fonts/Roboto-Light.ttf' (167K)
[2020.03.19-11.44.53:871][913]LogSkeletalMesh: Building Skeletal Mesh SK_Berserker...
[2020.03.19-11.44.53:922][913]LogSkeletalMesh: Built Skeletal Mesh [0.05s] /Game/Berserker_S1/Meshes/Combines/SK_Berserker.SK_Berserker
[2020.03.19-11.44.54:256][913]LogSlate: Window 'Pick Skeleton' being destroyed
[2020.03.19-11.45.51:335][564]LogAssetEditorManager: Opening Asset editor for AnimMontage /Game/Berserker_S1/Animations/RootMotions/Axe_Animations/AM_BasixAttack.AM_BasixAttack
[2020.03.19-11.45.51:357][564]LogContentBrowser: Native class hierarchy updated for 'SkeletonEditor' in 0.0003 seconds. Added 1 classes and 2 folders.
[2020.03.19-11.45.51:584][564]LogActorComponent: RegisterComponentWithWorld: (/Engine/Transient.World_1:PersistentLevel.AnimationEditorPreviewActor_0.DebugSkelMeshComponent_0) Already registered. Aborting.
[2020.03.19-11.45.51:591][564]LogContentBrowser: Native class hierarchy updated for 'PinnedCommandList' in 0.0002 seconds. Added 1 classes and 0 folders.
[2020.03.19-11.45.51:652][564]LogSkeletalMesh: USkeletalMeshComponent::InitArticulated : Bodies already created (/Engine/Transient.World_1:PersistentLevel.AnimationEditorPreviewActor_0.DebugSkelMeshComponent_0) - call TermArticulated first.
[2020.03.19-11.45.52:011][564]LogContentBrowser: Native class hierarchy updated for 'ClothingSystemEditorInterface' in 0.0002 seconds. Added 1 classes and 0 folders.
[2020.03.19-11.45.52:031][564]LogContentBrowser: Verbose: The majority of assets in the view are of type: AnimSequence
[2020.03.19-11.45.59:230][927]LogRenderer: Reallocating scene render targets to support 1144x572 Format 10 NumSamples 1 (Frame:378).
[2020.03.19-11.45.59:826][985]LogSlate: Window 'AM_BasixAttack' being destroyed
[2020.03.19-11.46.02:184][236]LogUObjectHash: Compacting FUObjectHashTables data took   1.60ms
[2020.03.19-11.46.03:794][236]LogSlate: Window 'Save Content' being destroyed
[2020.03.19-11.46.03:860][236]LogSavePackage: Moving '../../../../../../Users/ajant/Documents/Unreal Projects/SemiProject/ActionRPG/Saved/AM_BasixAttackB3396642416E72CC46290AAF278C7270.tmp' to '../../../../../../Users/ajant/Documents/Unreal Projects/SemiProject/ActionRPG/Content/Berserker_S1/Animations/RootMotions/Axe_Animations/AM_BasixAttack.uasset'
[2020.03.19-11.46.04:033][236]LogWorld: UWorld::CleanupWorld for World_2, bSessionEnded=true, bCleanupResources=true
[2020.03.19-11.46.04:054][236]LogWorld: UWorld::CleanupWorld for World_1, bSessionEnded=true, bCleanupResources=true
[2020.03.19-11.46.04:055][236]LogSlate: Window 'ActionRPG - Unreal Editor' being destroyed
[2020.03.19-11.46.04:059][236]LogWindowsTextInputMethodSystem: Display: IME system now activated using TSF (Microsoft 입력기).
[2020.03.19-11.46.04:258][237]Cmd: QUIT_EDITOR
[2020.03.19-11.46.04:312][237]LogExit: Preparing to exit.
[2020.03.19-11.46.04:956][237]LogWorld: UWorld::CleanupWorld for World_3, bSessionEnded=true, bCleanupResources=true
[2020.03.19-11.46.04:957][237]LogWorld: UWorld::CleanupWorld for World_0, bSessionEnded=true, bCleanupResources=true
[2020.03.19-11.46.04:957][237]LogWorld: UWorld::CleanupWorld for World_4, bSessionEnded=true, bCleanupResources=true
[2020.03.19-11.46.04:971][237]LogDemo: Cleaned up 0 splitscreen connections with owner deletion
[2020.03.19-11.46.04:982][237]LogWorld: UWorld::CleanupWorld for None, bSessionEnded=true, bCleanupResources=true
[2020.03.19-11.46.04:982][237]LogExit: Editor shut down
[2020.03.19-11.46.04:982][237]LogExit: Transaction tracking system shut down
[2020.03.19-11.46.05:282][237]LogExit: Object subsystem successfully closed.
[2020.03.19-11.46.05:298][237]LogShaderCompilers: Display: Shaders left to compile 0
[2020.03.19-11.46.05:364][237]LogModuleManager: Shutting down and abandoning module ClothingSystemEditorInterface (678)
[2020.03.19-11.46.05:364][237]LogModuleManager: Shutting down and abandoning module PinnedCommandList (676)
[2020.03.19-11.46.05:364][237]LogModuleManager: Shutting down and abandoning module SkeletonEditor (674)
[2020.03.19-11.46.05:364][237]LogModuleManager: Shutting down and abandoning module AnimationEditor (672)
[2020.03.19-11.46.05:364][237]LogModuleManager: Shutting down and abandoning module HierarchicalLODOutliner (670)
[2020.03.19-11.46.05:364][237]LogModuleManager: Shutting down and abandoning module SceneOutliner (668)
[2020.03.19-11.46.05:364][237]LogModuleManager: Shutting down and abandoning module AddContentDialog (666)
[2020.03.19-11.46.05:364][237]LogModuleManager: Shutting down and abandoning module WidgetCarousel (665)
[2020.03.19-11.46.05:365][237]LogModuleManager: Shutting down and abandoning module CollectionManager (662)
[2020.03.19-11.46.05:365][237]LogModuleManager: Shutting down and abandoning module EditorWidgets (660)
[2020.03.19-11.46.05:365][237]LogModuleManager: Shutting down and abandoning module HierarchicalLODUtilities (658)
[2020.03.19-11.46.05:365][237]LogModuleManager: Shutting down and abandoning module StatsViewer (656)
[2020.03.19-11.46.05:365][237]LogModuleManager: Shutting down and abandoning module VirtualTexturingEditor (654)
[2020.03.19-11.46.05:365][237]LogModuleManager: Shutting down and abandoning module FoliageEdit (652)
[2020.03.19-11.46.05:365][237]LogModuleManager: Shutting down and abandoning module LandscapeEditor (650)
[2020.03.19-11.46.05:365][237]LogModuleManager: Shutting down and abandoning module MeshPaintMode (648)
[2020.03.19-11.46.05:365][237]LogModuleManager: Shutting down and abandoning module SceneDepthPickerMode (646)
[2020.03.19-11.46.05:365][237]LogModuleManager: Shutting down and abandoning module ActorPickerMode (644)
[2020.03.19-11.46.05:365][237]LogModuleManager: Shutting down and abandoning module GeometryMode (642)
[2020.03.19-11.46.05:365][237]LogModuleManager: Shutting down and abandoning module TextureAlignMode (640)
[2020.03.19-11.46.05:365][237]LogModuleManager: Shutting down and abandoning module BspMode (638)
[2020.03.19-11.46.05:365][237]LogModuleManager: Shutting down and abandoning module PIEPreviewDeviceProfileSelector (636)
[2020.03.19-11.46.05:365][237]LogModuleManager: Shutting down and abandoning module SequenceRecorderSections (634)
[2020.03.19-11.46.05:365][237]LogModuleManager: Shutting down and abandoning module AutomationWorker (632)
[2020.03.19-11.46.05:365][237]LogModuleManager: Shutting down and abandoning module OculusMR (630)
[2020.03.19-11.46.05:365][237]LogModuleManager: Shutting down and abandoning module AudioCaptureEditor (628)
[2020.03.19-11.46.05:365][237]LogModuleManager: Shutting down and abandoning module MatineeToLevelSequence (626)
[2020.03.19-11.46.05:365][237]LogModuleManager: Shutting down and abandoning module LevelSequenceEditor (624)
[2020.03.19-11.46.05:365][237]LogModuleManager: Shutting down and abandoning module PlacementMode (623)
[2020.03.19-11.46.05:365][237]LogModuleManager: Shutting down and abandoning module MaterialEditor (622)
[2020.03.19-11.46.05:365][237]LogModuleManager: Shutting down and abandoning module ActorSequenceEditor (618)
[2020.03.19-11.46.05:365][237]LogModuleManager: Shutting down and abandoning module WmfMediaFactory (616)
[2020.03.19-11.46.05:365][237]LogModuleManager: Shutting down and abandoning module WmfMediaEditor (614)
[2020.03.19-11.46.05:365][237]LogModuleManager: Shutting down and abandoning module WebMMediaFactory (612)
[2020.03.19-11.46.05:365][237]LogModuleManager: Shutting down and abandoning module WebMMediaEditor (610)
[2020.03.19-11.46.05:365][237]LogModuleManager: Shutting down and abandoning module WebMMedia (608)
[2020.03.19-11.46.05:365][237]LogModuleManager: Shutting down and abandoning module MediaPlayerEditor (606)
[2020.03.19-11.46.05:365][237]LogModuleManager: Shutting down and abandoning module MediaCompositingEditor (604)
[2020.03.19-11.46.05:366][237]LogModuleManager: Shutting down and abandoning module SequenceRecorder (603)
[2020.03.19-11.46.05:366][237]LogModuleManager: Shutting down and abandoning module OpenExrWrapper (600)
[2020.03.19-11.46.05:366][237]LogModuleManager: Shutting down and abandoning module ImgMediaFactory (598)
[2020.03.19-11.46.05:366][237]LogModuleManager: Shutting down and abandoning module ImgMediaEditor (596)
[2020.03.19-11.46.05:366][237]LogModuleManager: Shutting down and abandoning module AvfMediaFactory (594)
[2020.03.19-11.46.05:366][237]LogModuleManager: Shutting down and abandoning module AvfMediaEditor (592)
[2020.03.19-11.46.05:366][237]LogModuleManager: Shutting down and abandoning module AndroidMediaFactory (590)
[2020.03.19-11.46.05:366][237]LogModuleManager: Shutting down and abandoning module AndroidMediaEditor (588)
[2020.03.19-11.46.05:366][237]LogModuleManager: Shutting down and abandoning module MagicLeapCameraPreviewFactory (586)
[2020.03.19-11.46.05:366][237]LogModuleManager: Shutting down and abandoning module MagicLeapMediaCodecFactory (584)
[2020.03.19-11.46.05:366][237]LogModuleManager: Shutting down and abandoning module MagicLeapMediaFactory (582)
[2020.03.19-11.46.05:366][237]LogModuleManager: Shutting down and abandoning module MagicLeapMediaEditor (580)
[2020.03.19-11.46.05:366][237]LogModuleManager: Shutting down and abandoning module CharacterAI (578)
[2020.03.19-11.46.05:366][237]LogModuleManager: Shutting down and abandoning module SmartSnapping (576)
[2020.03.19-11.46.05:366][237]LogModuleManager: Shutting down and abandoning module SessionServices (574)
[2020.03.19-11.46.05:366][237]LogModuleManager: Shutting down and abandoning module MeshPaint (572)
[2020.03.19-11.46.05:366][237]LogModuleManager: Shutting down and abandoning module ViewportSnapping (570)
[2020.03.19-11.46.05:366][237]LogModuleManager: Shutting down and abandoning module ViewportInteraction (568)
[2020.03.19-11.46.05:366][237]LogModuleManager: Shutting down and abandoning module ClothPainter (566)
[2020.03.19-11.46.05:366][237]LogModuleManager: Shutting down and abandoning module SkeletalMeshEditor (565)
[2020.03.19-11.46.05:366][237]LogModuleManager: Shutting down and abandoning module LogVisualizer (562)
[2020.03.19-11.46.05:366][237]LogModuleManager: Shutting down and abandoning module IntroTutorials (560)
[2020.03.19-11.46.05:366][237]LogModuleManager: Shutting down and abandoning module GameProjectGeneration (559)
[2020.03.19-11.46.05:366][237]LogModuleManager: Shutting down and abandoning module LuminPlatformEditor (556)
[2020.03.19-11.46.05:366][237]LogModuleManager: Shutting down and abandoning module IOSPlatformEditor (554)
[2020.03.19-11.46.05:366][237]LogModuleManager: Shutting down and abandoning module HTML5PlatformEditor (552)
[2020.03.19-11.46.05:366][237]LogModuleManager: Shutting down and abandoning module AndroidPlatformEditor (550)
[2020.03.19-11.46.05:366][237]LogModuleManager: Shutting down and abandoning module AndroidDeviceDetection (549)
[2020.03.19-11.46.05:737][237]LogModuleManager: Shutting down and abandoning module WindowsPlatformEditor (546)
[2020.03.19-11.46.05:737][237]LogModuleManager: Shutting down and abandoning module LuminRuntimeSettings (544)
[2020.03.19-11.46.05:737][237]LogModuleManager: Shutting down and abandoning module IOSRuntimeSettings (542)
[2020.03.19-11.46.05:737][237]LogModuleManager: Shutting down and abandoning module AndroidRuntimeSettings (540)
[2020.03.19-11.46.05:737][237]LogModuleManager: Shutting down and abandoning module TimeManagementEditor (538)
[2020.03.19-11.46.05:737][237]LogModuleManager: Shutting down and abandoning module InputBindingEditor (536)
[2020.03.19-11.46.05:737][237]LogModuleManager: Shutting down and abandoning module MergeActors (534)
[2020.03.19-11.46.05:737][237]LogModuleManager: Shutting down and abandoning module LocalizationDashboard (532)
[2020.03.19-11.46.05:737][237]LogModuleManager: Shutting down and abandoning module LocalizationService (531)
[2020.03.19-11.46.05:738][237]LogModuleManager: Shutting down and abandoning module HardwareTargeting (528)
[2020.03.19-11.46.05:738][237]LogModuleManager: Shutting down and abandoning module DeviceProfileEditor (526)
[2020.03.19-11.46.05:738][237]LogModuleManager: Shutting down and abandoning module UndoHistory (524)
[2020.03.19-11.46.05:738][237]LogModuleManager: Shutting down and abandoning module XmlParser (522)
[2020.03.19-11.46.05:738][237]LogModuleManager: Shutting down and abandoning module Blutility (520)
[2020.03.19-11.46.05:738][237]LogModuleManager: Shutting down and abandoning module ProjectSettingsViewer (518)
[2020.03.19-11.46.05:738][237]LogModuleManager: Shutting down and abandoning module ProjectTargetPlatformEditor (517)
[2020.03.19-11.46.05:738][237]LogModuleManager: Shutting down and abandoning module EditorSettingsViewer (514)
[2020.03.19-11.46.05:738][237]LogModuleManager: Shutting down and abandoning module SettingsEditor (512)
[2020.03.19-11.46.05:738][237]LogModuleManager: Shutting down and abandoning module ProjectLauncher (510)
[2020.03.19-11.46.05:738][237]LogModuleManager: Shutting down and abandoning module SessionFrontend (508)
[2020.03.19-11.46.05:738][237]LogModuleManager: Shutting down and abandoning module ProfilerClient (506)
[2020.03.19-11.46.05:738][237]LogModuleManager: Shutting down and abandoning module DeviceManager (504)
[2020.03.19-11.46.05:738][237]LogModuleManager: Shutting down and abandoning module TargetDeviceServices (503)
[2020.03.19-11.46.05:782][237]LogModuleManager: Shutting down and abandoning module AutomationController (500)
[2020.03.19-11.46.05:782][237]LogModuleManager: Shutting down and abandoning module AutomationWindow (498)
[2020.03.19-11.46.05:782][237]LogModuleManager: Shutting down and abandoning module Layers (496)
[2020.03.19-11.46.05:782][237]LogModuleManager: Shutting down and abandoning module ComponentVisualizers (494)
[2020.03.19-11.46.05:782][237]LogModuleManager: Shutting down and abandoning module DetailCustomizations (492)
[2020.03.19-11.46.05:782][237]LogModuleManager: Shutting down and abandoning module PackagesDialog (490)
[2020.03.19-11.46.05:782][237]LogModuleManager: Shutting down and abandoning module AnimationBlueprintEditor (488)
[2020.03.19-11.46.05:782][237]LogModuleManager: Shutting down and abandoning module Persona (486)
[2020.03.19-11.46.05:782][237]LogModuleManager: Shutting down and abandoning module AdvancedPreviewScene (485)
[2020.03.19-11.46.05:782][237]LogModuleManager: Shutting down and abandoning module AnimGraph (483)
[2020.03.19-11.46.05:782][237]LogModuleManager: Shutting down and abandoning module Kismet (480)
[2020.03.19-11.46.05:782][237]LogModuleManager: Shutting down and abandoning module KismetWidgets (479)
[2020.03.19-11.46.05:782][237]LogModuleManager: Shutting down and abandoning module GraphEditor (476)
[2020.03.19-11.46.05:782][237]LogModuleManager: Shutting down and abandoning module StructViewer (474)
[2020.03.19-11.46.05:782][237]LogModuleManager: Shutting down and abandoning module ClassViewer (472)
[2020.03.19-11.46.05:783][237]LogModuleManager: Shutting down and abandoning module Toolbox (470)
[2020.03.19-11.46.05:783][237]LogModuleManager: Shutting down and abandoning module ModuleUI (468)
[2020.03.19-11.46.05:783][237]LogModuleManager: Shutting down and abandoning module MovieSceneTools (466)
[2020.03.19-11.46.05:783][237]LogModuleManager: Shutting down and abandoning module OutputLog (464)
[2020.03.19-11.46.05:784][237]LogModuleManager: Shutting down and abandoning module GammaUI (462)
[2020.03.19-11.46.05:784][237]LogModuleManager: Shutting down and abandoning module Documentation (460)
[2020.03.19-11.46.05:784][237]LogModuleManager: Shutting down and abandoning module LiveCoding (458)
[2020.03.19-11.46.05:784][237]LogModuleManager: Shutting down and abandoning module LevelSequence (456)
[2020.03.19-11.46.05:784][237]LogModuleManager: Shutting down and abandoning module MovieSceneTracks (454)
[2020.03.19-11.46.05:784][237]LogModuleManager: Shutting down and abandoning module MovieScene (452)
[2020.03.19-11.46.05:784][237]LogModuleManager: Shutting down and abandoning module StreamingPauseRendering (450)
[2020.03.19-11.46.05:784][237]LogModuleManager: Shutting down and abandoning module LauncherPlatform (448)
[2020.03.19-11.46.05:784][237]LogModuleManager: Shutting down and abandoning module AnalyticsET (446)
[2020.03.19-11.46.05:784][237]LogModuleManager: Shutting down and abandoning module PortalServices (444)
[2020.03.19-11.46.05:784][237]LogModuleManager: Shutting down and abandoning module PortalRpc (442)
[2020.03.19-11.46.05:784][237]LogModuleManager: Shutting down and abandoning module MessagingRpc (440)
[2020.03.19-11.46.05:784][237]LogModuleManager: Shutting down and abandoning module AIModule (438)
[2020.03.19-11.46.05:786][237]LogModuleManager: Shutting down and abandoning module GameplayDebugger (437)
[2020.03.19-11.46.05:786][237]LogModuleManager: Shutting down and abandoning module AITestSuite (435)
[2020.03.19-11.46.05:786][237]LogModuleManager: Shutting down and abandoning module NavigationSystem (433)
[2020.03.19-11.46.05:786][237]LogModuleManager: Shutting down and abandoning module DesktopPlatform (430)
[2020.03.19-11.46.05:786][237]LogModuleManager: Shutting down and abandoning module ImageWriteQueue (428)
[2020.03.19-11.46.05:789][237]LogModuleManager: Shutting down and abandoning module ProfilerService (426)
[2020.03.19-11.46.05:870][237]LogModuleManager: Shutting down and abandoning module TaskGraph (424)
[2020.03.19-11.46.05:870][237]LogModuleManager: Shutting down and abandoning module ScreenshotTools (422)
[2020.03.19-11.46.05:870][237]LogModuleManager: Shutting down and abandoning module SteamVRController (420)
[2020.03.19-11.46.05:870][237]LogModuleManager: Shutting down and abandoning module ProceduralMeshComponentEditor (418)
[2020.03.19-11.46.05:870][237]LogModuleManager: Shutting down and abandoning module ProceduralMeshComponent (416)
[2020.03.19-11.46.05:870][237]LogModuleManager: Shutting down and abandoning module OculusEditor (414)
[2020.03.19-11.46.05:871][237]LogModuleManager: Shutting down and abandoning module OculusInput (412)
[2020.03.19-11.46.05:871][237]LogModuleManager: Shutting down and abandoning module MobilePatchingUtils (410)
[2020.03.19-11.46.05:871][237]LogModuleManager: Shutting down and abandoning module EditableMesh (408)
[2020.03.19-11.46.05:871][237]LogModuleManager: Shutting down and abandoning module CustomMeshComponent (406)
[2020.03.19-11.46.05:871][237]LogModuleManager: Shutting down and abandoning module CableComponent (404)
[2020.03.19-11.46.05:871][237]LogModuleManager: Shutting down and abandoning module AudioCapture (402)
[2020.03.19-11.46.05:871][237]LogModuleManager: Shutting down and abandoning module ArchVisCharacter (400)
[2020.03.19-11.46.05:871][237]LogModuleManager: Shutting down and abandoning module AppleImageUtilsBlueprintSupport (398)
[2020.03.19-11.46.05:871][237]LogModuleManager: Shutting down and abandoning module AppleImageUtils (396)
[2020.03.19-11.46.05:871][237]LogModuleManager: Shutting down and abandoning module AndroidPermission (394)
[2020.03.19-11.46.05:871][237]LogModuleManager: Shutting down and abandoning module NUTUnrealEngine4 (392)
[2020.03.19-11.46.05:871][237]LogModuleManager: Shutting down and abandoning module NetcodeUnitTest (390)
[2020.03.19-11.46.05:871][237]LogModuleManager: Shutting down and abandoning module MediaCompositing (388)
[2020.03.19-11.46.05:871][237]LogModuleManager: Shutting down and abandoning module ImgMedia (386)
[2020.03.19-11.46.05:871][237]LogModuleManager: Shutting down and abandoning module MagicLeapHelperVulkan (384)
[2020.03.19-11.46.05:871][237]LogModuleManager: Shutting down and abandoning module MagicLeapHelperOpenGL (382)
[2020.03.19-11.46.05:871][237]LogModuleManager: Shutting down and abandoning module MagicLeapAudio (380)
[2020.03.19-11.46.05:871][237]LogModuleManager: Shutting down and abandoning module HTML5Networking (378)
[2020.03.19-11.46.05:871][237]LogModuleManager: Shutting down and abandoning module GeometryCacheTracks (376)
[2020.03.19-11.46.05:871][237]LogModuleManager: Shutting down and abandoning module GeometryCacheSequencer (374)
[2020.03.19-11.46.05:871][237]LogModuleManager: Shutting down and abandoning module BackChannel (372)
[2020.03.19-11.46.05:871][237]LogModuleManager: Shutting down and abandoning module AutomationUtilsEditor (370)
[2020.03.19-11.46.05:871][237]LogModuleManager: Shutting down and abandoning module AutomationUtils (368)
[2020.03.19-11.46.05:871][237]LogModuleManager: Shutting down and abandoning module AlembicImporter (366)
[2020.03.19-11.46.05:871][237]LogModuleManager: Shutting down and abandoning module AlembicLibrary (365)
[2020.03.19-11.46.05:871][237]LogModuleManager: Shutting down and abandoning module GeometryCache (364)
[2020.03.19-11.46.05:871][237]LogModuleManager: Shutting down and abandoning module GeometryCacheEd (363)
[2020.03.19-11.46.05:871][237]LogModuleManager: Shutting down and abandoning module VariantManagerContent (358)
[2020.03.19-11.46.05:871][237]LogModuleManager: Shutting down and abandoning module DatasmithContentEditor (356)
[2020.03.19-11.46.05:871][237]LogModuleManager: Shutting down and abandoning module SpeedTreeImporter (354)
[2020.03.19-11.46.05:871][237]LogModuleManager: Shutting down and abandoning module PluginBrowser (352)
[2020.03.19-11.46.05:871][237]LogModuleManager: Shutting down and abandoning module MobileLauncherProfileWizard (350)
[2020.03.19-11.46.05:871][237]LogModuleManager: Shutting down and abandoning module MaterialAnalyzer (348)
[2020.03.19-11.46.05:871][237]LogModuleManager: Shutting down and abandoning module CurveEditorTools (346)
[2020.03.19-11.46.05:871][237]LogModuleManager: Shutting down and abandoning module CurveEditor (345)
[2020.03.19-11.46.05:871][237]LogModuleManager: Shutting down and abandoning module CryptoKeysOpenSSL (342)
[2020.03.19-11.46.05:871][237]LogModuleManager: Shutting down and abandoning module CryptoKeys (340)
[2020.03.19-11.46.05:871][237]LogModuleManager: Shutting down and abandoning module VisualStudioSourceCodeAccess (338)
[2020.03.19-11.46.05:871][237]LogModuleManager: Shutting down and abandoning module VisualStudioCodeSourceCodeAccess (336)
[2020.03.19-11.46.05:871][237]LogModuleManager: Shutting down and abandoning module UObjectPlugin (334)
[2020.03.19-11.46.05:871][237]LogModuleManager: Shutting down and abandoning module SubversionSourceControl (332)
[2020.03.19-11.46.05:871][237]LogModuleManager: Shutting down and abandoning module PerforceSourceControl (330)
[2020.03.19-11.46.05:871][237]LogModuleManager: Shutting down and abandoning module GitSourceControl (328)
[2020.03.19-11.46.05:871][237]LogModuleManager: Shutting down and abandoning module SourceControl (327)
[2020.03.19-11.46.05:871][237]LogModuleManager: Shutting down and abandoning module CLionSourceCodeAccess (324)
[2020.03.19-11.46.05:871][237]LogModuleManager: Shutting down and abandoning module AnimationSharingEd (322)
[2020.03.19-11.46.05:871][237]LogModuleManager: Shutting down and abandoning module ActorLayerUtilitiesEditor (320)
[2020.03.19-11.46.05:871][237]LogModuleManager: Shutting down and abandoning module ActorLayerUtilities (318)
[2020.03.19-11.46.05:871][237]LogModuleManager: Shutting down and abandoning module LightPropagationVolumeEditor (316)
[2020.03.19-11.46.05:871][237]LogModuleManager: Shutting down and abandoning module PaperTiledImporter (314)
[2020.03.19-11.46.05:871][237]LogModuleManager: Shutting down and abandoning module PaperSpriteSheetImporter (312)
[2020.03.19-11.46.05:871][237]LogModuleManager: Shutting down and abandoning module Paper2DEditor (310)
[2020.03.19-11.46.05:872][237]LogModuleManager: Shutting down and abandoning module SignificanceManager (308)
[2020.03.19-11.46.05:872][237]LogModuleManager: Shutting down and abandoning module RuntimePhysXCooking (306)
[2020.03.19-11.46.05:872][237]LogModuleManager: Shutting down and abandoning module PhysXVehiclesEditor (304)
[2020.03.19-11.46.05:872][237]LogModuleManager: Shutting down and abandoning module LocationServicesBPLibrary (300)
[2020.03.19-11.46.05:872][237]LogModuleManager: Shutting down and abandoning module ActorSequence (298)
[2020.03.19-11.46.05:872][237]LogModuleManager: Shutting down and abandoning module UdpMessaging (296)
[2020.03.19-11.46.05:973][237]LogModuleManager: Shutting down and abandoning module TcpMessaging (294)
[2020.03.19-11.46.06:074][237]LogModuleManager: Shutting down and abandoning module MagicLeapIdentity (292)
[2020.03.19-11.46.06:074][237]LogModuleManager: Shutting down and abandoning module MagicLeapSecureStorage (290)
[2020.03.19-11.46.06:074][237]LogModuleManager: Shutting down and abandoning module MagicLeapHandTracking (288)
[2020.03.19-11.46.06:074][237]LogModuleManager: Shutting down and abandoning module MagicLeapEyeTracker (286)
[2020.03.19-11.46.06:074][237]LogModuleManager: Shutting down and abandoning module MagicLeapController (284)
[2020.03.19-11.46.06:074][237]LogSlate: Slate User Destroyed.  User Index 0, Is Virtual User: 0
[2020.03.19-11.46.06:074][237]LogModuleManager: Shutting down and abandoning module MagicLeapAR (282)
[2020.03.19-11.46.06:074][237]LogModuleManager: Shutting down and abandoning module AugmentedReality (281)
[2020.03.19-11.46.06:074][237]LogModuleManager: Shutting down and abandoning module GameplayTagsEditor (278)
[2020.03.19-11.46.06:074][237]LogModuleManager: Shutting down and abandoning module FacialAnimationEditor (276)
[2020.03.19-11.46.06:074][237]LogModuleManager: Shutting down and abandoning module FacialAnimation (274)
[2020.03.19-11.46.06:074][237]LogModuleManager: Shutting down and abandoning module DataValidation (272)
[2020.03.19-11.46.06:074][237]LogModuleManager: Shutting down and abandoning module AssetManagerEditor (270)
[2020.03.19-11.46.06:074][237]LogModuleManager: Shutting down and abandoning module LevelEditor (269)
[2020.03.19-11.46.06:075][237]LogModuleManager: Shutting down and abandoning module PixelInspectorModule (268)
[2020.03.19-11.46.06:075][237]LogModuleManager: Shutting down and abandoning module CommonMenuExtensions (266)
[2020.03.19-11.46.06:075][237]LogModuleManager: Shutting down and abandoning module MainFrame (264)
[2020.03.19-11.46.06:075][237]LogModuleManager: Shutting down and abandoning module HotReload (263)
[2020.03.19-11.46.06:075][237]LogModuleManager: Shutting down and abandoning module ContentBrowser (259)
[2020.03.19-11.46.06:076][237]LogModuleManager: Shutting down and abandoning module TreeMap (257)
[2020.03.19-11.46.06:076][237]LogModuleManager: Shutting down and abandoning module AnimationSharing (254)
[2020.03.19-11.46.06:076][237]LogModuleManager: Shutting down and abandoning module LightPropagationVolumeRuntime (252)
[2020.03.19-11.46.06:076][237]LogModuleManager: Shutting down and abandoning module Paper2D (250)
[2020.03.19-11.46.06:076][237]LogModuleManager: Shutting down and abandoning module WindowsMoviePlayer (248)
[2020.03.19-11.46.06:079][237]LogModuleManager: Shutting down and abandoning module WebMMoviePlayer (246)
[2020.03.19-11.46.06:079][237]LogModuleManager: Shutting down and abandoning module NetworkReplayStreaming (244)
[2020.03.19-11.46.06:079][237]LogModuleManager: Shutting down and abandoning module PacketHandler (242)
[2020.03.19-11.46.06:079][237]LogModuleManager: Shutting down and abandoning module ClothingSystemEditor (240)
[2020.03.19-11.46.06:079][237]LogModuleManager: Shutting down and abandoning module ClothingSystemRuntime (238)
[2020.03.19-11.46.06:079][237]LogModuleManager: Shutting down and abandoning module MediaAssets (236)
[2020.03.19-11.46.06:079][237]LogModuleManager: Shutting down and abandoning module Overlay (234)
[2020.03.19-11.46.06:079][237]LogModuleManager: Shutting down and abandoning module OverlayEditor (233)
[2020.03.19-11.46.06:079][237]LogModuleManager: Shutting down and abandoning module VREditor (230)
[2020.03.19-11.46.06:079][237]LogModuleManager: Shutting down and abandoning module StringTableEditor (228)
[2020.03.19-11.46.06:079][237]LogModuleManager: Shutting down and abandoning module GameplayTasksEditor (226)
[2020.03.19-11.46.06:079][237]LogModuleManager: Shutting down and abandoning module BehaviorTreeEditor (224)
[2020.03.19-11.46.06:079][237]LogModuleManager: Shutting down and abandoning module FunctionalTesting (222)
[2020.03.19-11.46.06:079][237]LogModuleManager: Shutting down and abandoning module CollisionAnalyzer (220)
[2020.03.19-11.46.06:079][237]LogModuleManager: Shutting down and abandoning module WorkspaceMenuStructure (219)
[2020.03.19-11.46.06:079][237]LogModuleManager: Shutting down and abandoning module UMG (216)
[2020.03.19-11.46.06:079][237]LogModuleManager: Shutting down and abandoning module UMGEditor (215)
[2020.03.19-11.46.06:079][237]LogModuleManager: Shutting down and abandoning module Sequencer (214)
[2020.03.19-11.46.06:079][237]LogModuleManager: Shutting down and abandoning module MessageLog (211)
[2020.03.19-11.46.06:079][237]LogModuleManager: Shutting down and abandoning module SlateReflector (206)
[2020.03.19-11.46.06:079][237]LogModuleManager: Shutting down and abandoning module Slate (204)
[2020.03.19-11.46.06:079][237]LogModuleManager: Shutting down and abandoning module LandscapeEditorUtilities (202)
[2020.03.19-11.46.06:079][237]LogModuleManager: Shutting down and abandoning module EditorStyle (200)
[2020.03.19-11.46.06:080][237]LogModuleManager: Shutting down and abandoning module UnrealEd (198)
[2020.03.19-11.46.06:080][237]LogModuleManager: Shutting down and abandoning module MRMesh (196)
[2020.03.19-11.46.06:080][237]LogModuleManager: Shutting down and abandoning module SourceCodeAccess (194)
[2020.03.19-11.46.06:080][237]LogModuleManager: Shutting down and abandoning module HeadMountedDisplay (192)
[2020.03.19-11.46.06:080][237]LogModuleManager: Shutting down and abandoning module XAudio2 (190)
[2020.03.19-11.46.06:080][237]LogModuleManager: Shutting down and abandoning module Networking (188)
[2020.03.19-11.46.06:080][237]LogModuleManager: Shutting down and abandoning module Core (186)
[2020.03.19-11.46.06:080][237]LogModuleManager: Shutting down and abandoning module KismetCompiler (184)
[2020.03.19-11.46.06:080][237]LogModuleManager: Shutting down and abandoning module MeshUtilities (182)
[2020.03.19-11.46.06:080][237]LogModuleManager: Shutting down and abandoning module MeshMergeUtilities (181)
[2020.03.19-11.46.06:080][237]LogModuleManager: Shutting down and abandoning module MeshReductionInterface (180)
[2020.03.19-11.46.06:080][237]LogModuleManager: Shutting down and abandoning module SkeletalMeshReduction (179)
[2020.03.19-11.46.06:080][237]LogModuleManager: Shutting down and abandoning module ProxyLODMeshReduction (177)
[2020.03.19-11.46.06:080][237]LogModuleManager: Shutting down and abandoning module QuadricMeshReduction (175)
[2020.03.19-11.46.06:080][237]LogModuleManager: Shutting down and abandoning module MaterialBaking (171)
[2020.03.19-11.46.06:080][237]LogModuleManager: Shutting down and abandoning module NullInstallBundleManager (166)
[2020.03.19-11.46.06:080][237]LogModuleManager: Shutting down and abandoning module DerivedDataCache (164)
[2020.03.19-11.46.06:167][237]LogDerivedDataCache: Shutdown
[2020.03.19-11.46.06:167][237]LogModuleManager: Shutting down and abandoning module XGEController (162)
[2020.03.19-11.46.06:167][237]LogModuleManager: Shutting down and abandoning module TargetPlatform (160)
[2020.03.19-11.46.06:167][237]LogModuleManager: Shutting down and abandoning module VulkanShaderFormat (159)
[2020.03.19-11.46.06:167][237]LogModuleManager: Shutting down and abandoning module ShaderFormatVectorVM (157)
[2020.03.19-11.46.06:167][237]LogModuleManager: Shutting down and abandoning module ShaderFormatOpenGL (155)
[2020.03.19-11.46.06:167][237]LogModuleManager: Shutting down and abandoning module ShaderFormatD3D (153)
[2020.03.19-11.46.06:167][237]LogModuleManager: Shutting down and abandoning module MetalShaderFormat (151)
[2020.03.19-11.46.06:167][237]LogModuleManager: Shutting down and abandoning module TextureFormatUncompressed (149)
[2020.03.19-11.46.06:167][237]LogModuleManager: Shutting down and abandoning module TextureFormatPVR (147)
[2020.03.19-11.46.06:167][237]LogModuleManager: Shutting down and abandoning module TextureFormatDXT (145)
[2020.03.19-11.46.06:167][237]LogModuleManager: Shutting down and abandoning module TextureFormatIntelISPCTexComp (143)
[2020.03.19-11.46.06:168][237]LogModuleManager: Shutting down and abandoning module TextureFormatASTC (141)
[2020.03.19-11.46.06:168][237]LogModuleManager: Shutting down and abandoning module ImageWrapper (140)
[2020.03.19-11.46.06:168][237]LogModuleManager: Shutting down and abandoning module TextureFormatAndroid (137)
[2020.03.19-11.46.06:168][237]LogModuleManager: Shutting down and abandoning module AudioFormatOpus (135)
[2020.03.19-11.46.06:168][237]LogModuleManager: Shutting down and abandoning module AudioFormatOgg (133)
[2020.03.19-11.46.06:168][237]LogModuleManager: Shutting down and abandoning module AudioFormatADPCM (131)
[2020.03.19-11.46.06:168][237]LogModuleManager: Shutting down and abandoning module LuminTargetPlatform (129)
[2020.03.19-11.46.06:169][237]LogModuleManager: Shutting down and abandoning module LinuxTargetPlatform (127)
[2020.03.19-11.46.06:169][237]LogModuleManager: Shutting down and abandoning module LinuxServerTargetPlatform (125)
[2020.03.19-11.46.06:169][237]LogModuleManager: Shutting down and abandoning module LinuxNoEditorTargetPlatform (123)
[2020.03.19-11.46.06:169][237]LogModuleManager: Shutting down and abandoning module LinuxClientTargetPlatform (121)
[2020.03.19-11.46.06:169][237]LogModuleManager: Shutting down and abandoning module TVOSTargetPlatform (119)
[2020.03.19-11.46.06:170][237]LogModuleManager: Shutting down and abandoning module Messaging (117)
[2020.03.19-11.46.06:170][237]LogModuleManager: Shutting down and abandoning module IOSTargetPlatform (115)
[2020.03.19-11.46.06:180][237]LogModuleManager: Shutting down and abandoning module HTML5TargetPlatform (113)
[2020.03.19-11.46.06:180][237]LogModuleManager: Shutting down and abandoning module AndroidTargetPlatform (111)
[2020.03.19-11.46.06:195][237]LogModuleManager: Shutting down and abandoning module WindowsTargetPlatform (109)
[2020.03.19-11.46.06:195][237]LogModuleManager: Shutting down and abandoning module WindowsServerTargetPlatform (107)
[2020.03.19-11.46.06:195][237]LogModuleManager: Shutting down and abandoning module WindowsNoEditorTargetPlatform (105)
[2020.03.19-11.46.06:195][237]LogModuleManager: Shutting down and abandoning module WindowsClientTargetPlatform (103)
[2020.03.19-11.46.06:195][237]LogModuleManager: Shutting down and abandoning module MacTargetPlatform (101)
[2020.03.19-11.46.06:195][237]LogModuleManager: Shutting down and abandoning module MacServerTargetPlatform (99)
[2020.03.19-11.46.06:195][237]LogModuleManager: Shutting down and abandoning module MacNoEditorTargetPlatform (97)
[2020.03.19-11.46.06:195][237]LogModuleManager: Shutting down and abandoning module MacClientTargetPlatform (95)
[2020.03.19-11.46.06:195][237]LogModuleManager: Shutting down and abandoning module AllDesktopTargetPlatform (93)
[2020.03.19-11.46.06:195][237]LogModuleManager: Shutting down and abandoning module InputCore (90)
[2020.03.19-11.46.06:195][237]LogModuleManager: Shutting down and abandoning module Settings (88)
[2020.03.19-11.46.06:195][237]LogModuleManager: Shutting down and abandoning module DirectoryWatcher (86)
[2020.03.19-11.46.06:196][237]LogModuleManager: Shutting down and abandoning module PhysXCooking (84)
[2020.03.19-11.46.06:196][237]LogModuleManager: Shutting down and abandoning module WindowsPlatformFeatures (82)
[2020.03.19-11.46.06:196][237]LogModuleManager: Shutting down and abandoning module GameplayMediaEncoder (81)
[2020.03.19-11.46.06:196][237]LogModuleManager: Shutting down and abandoning module SteamVR (78)
[2020.03.19-11.46.06:196][237]LogHMD: Freeing OpenVRDLLHandle.
[2020.03.19-11.46.06:196][237]LogModuleManager: Shutting down and abandoning module OculusHMD (76)
[2020.03.19-11.46.06:196][237]LogModuleManager: Shutting down and abandoning module ExampleDeviceProfileSelector (74)
[2020.03.19-11.46.06:196][237]LogModuleManager: Shutting down and abandoning module LauncherChunkInstaller (72)
[2020.03.19-11.46.06:196][237]LogModuleManager: Shutting down and abandoning module OnlineBlueprintSupport (70)
[2020.03.19-11.46.06:196][237]LogModuleManager: Shutting down and abandoning module OnlineSubsystem (66)
[2020.03.19-11.46.06:198][237]LogModuleManager: Shutting down and abandoning module XMPP (61)
[2020.03.19-11.46.06:198][237]LogModuleManager: Shutting down and abandoning module WebSockets (60)
[2020.03.19-11.46.06:205][237]LogModuleManager: Shutting down and abandoning module HTTP (57)
[2020.03.19-11.46.06:205][237]LogHttp: Display: Http module shutting down, but needs to wait on 1 outstanding Http requests:
[2020.03.19-11.46.06:205][237]LogHttp: Display: 	verb=[POST] url=[https://datarouter.ol.epicgames.com/datarouter/api/v1/public/data?SessionID=%7B078C2DA2-4971-4C8C-ED6F-209C072375E2%7D&AppID=UEEditor.Rocket.Release&AppVersion=4.23.1-9631420%2B%2B%2BUE4%2BRelease-4.23&UserID=63b4bec14be2ee538c5589a22a5aacbb%7C25a3e3f9c697419daa5e785253c027b2%7Cbb9076e1-010e-4856-a7da-e7521b0b964e&AppEnvironment=datacollector-binary&UploadType=eteventstream] status=Processing
[2020.03.19-11.46.06:223][237]LogModuleManager: Shutting down and abandoning module SSL (56)
[2020.03.19-11.46.06:225][237]LogModuleManager: Shutting down and abandoning module WmfMedia (52)
[2020.03.19-11.46.06:226][237]LogModuleManager: Shutting down and abandoning module Media (51)
[2020.03.19-11.46.06:227][237]LogModuleManager: Shutting down and abandoning module MagicLeap (48)
[2020.03.19-11.46.06:227][237]LogModuleManager: Shutting down and abandoning module DatasmithContent (46)
[2020.03.19-11.46.06:228][237]LogModuleManager: Shutting down and abandoning module AISupportModule (44)
[2020.03.19-11.46.06:228][237]LogModuleManager: Shutting down and abandoning module PlatformCryptoOpenSSL (42)
[2020.03.19-11.46.06:228][237]LogModuleManager: Shutting down and abandoning module PlatformCrypto (40)
[2020.03.19-11.46.06:228][237]LogModuleManager: Shutting down and abandoning module AnimationModifiers (38)
[2020.03.19-11.46.06:228][237]LogModuleManager: Shutting down and abandoning module PropertyEditor (37)
[2020.03.19-11.46.06:228][237]LogModuleManager: Shutting down and abandoning module AudioEditor (34)
[2020.03.19-11.46.06:228][237]LogModuleManager: Shutting down and abandoning module TextureCompressor (32)
[2020.03.19-11.46.06:228][237]LogModuleManager: Shutting down and abandoning module RenderCore (30)
[2020.03.19-11.46.06:228][237]LogModuleManager: Shutting down and abandoning module Landscape (28)
[2020.03.19-11.46.06:228][237]LogModuleManager: Shutting down and abandoning module SlateRHIRenderer (26)
[2020.03.19-11.46.06:229][237]LogModuleManager: Shutting down and abandoning module OpenGLDrv (24)
[2020.03.19-11.46.06:230][237]LogModuleManager: Shutting down and abandoning module D3D11RHI (22)
[2020.03.19-11.46.06:230][237]LogModuleManager: Shutting down and abandoning module AnimGraphRuntime (20)
[2020.03.19-11.46.06:230][237]LogModuleManager: Shutting down and abandoning module Renderer (18)
[2020.03.19-11.46.06:230][237]LogModuleManager: Shutting down and abandoning module Engine (16)
[2020.03.19-11.46.06:230][237]LogModuleManager: Shutting down and abandoning module CoreUObject (14)
[2020.03.19-11.46.06:230][237]LogModuleManager: Shutting down and abandoning module NetworkFile (12)
[2020.03.19-11.46.06:230][237]LogModuleManager: Shutting down and abandoning module CookedIterativeFile (10)
[2020.03.19-11.46.06:230][237]LogModuleManager: Shutting down and abandoning module StreamingFile (8)
[2020.03.19-11.46.06:230][237]LogModuleManager: Shutting down and abandoning module SandboxFile (6)
[2020.03.19-11.46.06:230][237]LogModuleManager: Shutting down and abandoning module PakFile (4)
[2020.03.19-11.46.06:230][237]LogModuleManager: Shutting down and abandoning module RSA (3)
[2020.03.19-11.46.06:230][237]LogD3D11RHI: Shutdown
[2020.03.19-11.46.06:231][237]LogD3D11RHI: CleanupD3DDevice
[2020.03.19-11.46.06:231][237]LogRendererCore: FGlobalDynamicReadBuffer::Cleanup()
[2020.03.19-11.46.06:231][237]LogRendererCore: FGlobalDynamicReadBuffer::Cleanup()
[2020.03.19-11.46.06:231][237]LogRendererCore: FGlobalDynamicReadBuffer::Cleanup()
[2020.03.19-11.46.06:417][237]LogD3D11RHI: ~FD3D11DynamicRHI
[2020.03.19-11.46.06:423][237]LogExit: Exiting.
[2020.03.19-11.46.06:450][237]Log file closed, 03/19/20 20:46:06
